[2025-07-05 04:05:44][INFO] Loading resources...
[2025-07-05 04:05:44][FINE] Loading resources from: mods/corpse-neoforge-1.21.4-1.1.7.jar ...
[2025-07-05 04:05:44][FINE] Loading resources from: mods/sophisticatedbackpacks-1.21.4-3.24.14.1265.jar ...
[2025-07-05 04:05:44][FINE] Loading resources from: mods/balm-neoforge-1.21.4-21.4.34.jar ...
[2025-07-05 04:05:44][FINE] Loading resources from: mods/Chunky-NeoForge-1.4.27.jar ...
[2025-07-05 04:05:44][FINE] Loading resources from: mods/bluemap-5.7-neoforge.jar ...
[2025-07-05 04:05:44][FINE] Loading resources from: mods/sophisticatedcore-1.21.4-1.3.50.1021.jar ...
[2025-07-05 04:05:44][FINE] Loading resources from: mods/XaerosWorldMap_1.39.10_NeoForge_1.21.4.jar ...
[2025-07-05 04:05:44][FINE] Loading resources from: mods/lithium-neoforge-0.15.3+mc1.21.4.jar ...
[2025-07-05 04:05:44][FINE] Loading resources from: mods/FallingTree-1.21.4-1.21.4.12.jar ...
[2025-07-05 04:05:44][FINE] Loading resources from: mods/worldedit-mod-7.3.11.jar ...
[2025-07-05 04:05:44][FINE] Loading resources from: mods/jei-1.21.4-neoforge-20.0.0.4.jar ...
[2025-07-05 04:05:44][FINE] Loading resources from: mods/waystones-neoforge-1.21.4-21.4.15.jar ...
[2025-07-05 04:05:44][FINE] Loading resources from: mods/Xaeros_Minimap_25.2.7_NeoForge_1.21.4.jar ...
[2025-07-05 04:05:44][FINE] Loading resources from: bluemap/resourceExtensions.zip ...
[2025-07-05 04:05:44][FINE] Loading resources from: bluemap/minecraft-client-1.21.4.jar ...
[2025-07-05 04:05:44][INFO] Loading textures...
[2025-07-05 04:05:44][FINE] Loading textures from: mods/corpse-neoforge-1.21.4-1.1.7.jar ...
[2025-07-05 04:05:44][FINE] Loading textures from: mods/sophisticatedbackpacks-1.21.4-3.24.14.1265.jar ...
[2025-07-05 04:05:45][FINE] Loading textures from: mods/balm-neoforge-1.21.4-21.4.34.jar ...
[2025-07-05 04:05:45][FINE] Loading textures from: mods/Chunky-NeoForge-1.4.27.jar ...
[2025-07-05 04:05:45][FINE] Loading textures from: mods/bluemap-5.7-neoforge.jar ...
[2025-07-05 04:05:45][FINE] Loading textures from: mods/sophisticatedcore-1.21.4-1.3.50.1021.jar ...
[2025-07-05 04:05:45][FINE] Loading textures from: mods/XaerosWorldMap_1.39.10_NeoForge_1.21.4.jar ...
[2025-07-05 04:05:45][FINE] Loading textures from: mods/lithium-neoforge-0.15.3+mc1.21.4.jar ...
[2025-07-05 04:05:45][FINE] Loading textures from: mods/FallingTree-1.21.4-1.21.4.12.jar ...
[2025-07-05 04:05:45][FINE] Loading textures from: mods/worldedit-mod-7.3.11.jar ...
[2025-07-05 04:05:45][FINE] Loading textures from: mods/jei-1.21.4-neoforge-20.0.0.4.jar ...
[2025-07-05 04:05:45][FINE] Loading textures from: mods/waystones-neoforge-1.21.4-21.4.15.jar ...
[2025-07-05 04:05:45][FINE] Loading textures from: mods/Xaeros_Minimap_25.2.7_NeoForge_1.21.4.jar ...
[2025-07-05 04:05:45][FINE] Loading textures from: bluemap/resourceExtensions.zip ...
[2025-07-05 04:05:45][FINE] Loading textures from: bluemap/minecraft-client-1.21.4.jar ...
[2025-07-05 04:05:46][INFO] Baking resources...
[2025-07-05 04:05:46][INFO] Resources loaded.
[2025-07-05 04:05:46][FINE] Loading world world#minecraft:the_end ...
[2025-07-05 04:05:46][FINE] Loading datapack...
[2025-07-05 04:05:46][FINE] Loading datapack from: mods/corpse-neoforge-1.21.4-1.1.7.jar ...
[2025-07-05 04:05:46][FINE] Loading datapack from: mods/sophisticatedbackpacks-1.21.4-3.24.14.1265.jar ...
[2025-07-05 04:05:46][FINE] Loading datapack from: mods/balm-neoforge-1.21.4-21.4.34.jar ...
[2025-07-05 04:05:46][FINE] Loading datapack from: mods/Chunky-NeoForge-1.4.27.jar ...
[2025-07-05 04:05:46][FINE] Loading datapack from: mods/bluemap-5.7-neoforge.jar ...
[2025-07-05 04:05:46][FINE] Loading datapack from: mods/sophisticatedcore-1.21.4-1.3.50.1021.jar ...
[2025-07-05 04:05:46][FINE] Loading datapack from: mods/XaerosWorldMap_1.39.10_NeoForge_1.21.4.jar ...
[2025-07-05 04:05:46][FINE] Loading datapack from: mods/lithium-neoforge-0.15.3+mc1.21.4.jar ...
[2025-07-05 04:05:46][FINE] Loading datapack from: mods/FallingTree-1.21.4-1.21.4.12.jar ...
[2025-07-05 04:05:46][FINE] Loading datapack from: mods/worldedit-mod-7.3.11.jar ...
[2025-07-05 04:05:46][FINE] Loading datapack from: mods/jei-1.21.4-neoforge-20.0.0.4.jar ...
[2025-07-05 04:05:46][FINE] Loading datapack from: mods/waystones-neoforge-1.21.4-21.4.15.jar ...
[2025-07-05 04:05:46][FINE] Loading datapack from: mods/Xaeros_Minimap_25.2.7_NeoForge_1.21.4.jar ...
[2025-07-05 04:05:46][FINE] Loading datapack from: bluemap/resourceExtensions.zip ...
[2025-07-05 04:05:46][FINE] Loading datapack from: bluemap/minecraft-client-1.21.4.jar ...
[2025-07-05 04:05:46][FINE] Baking datapack...
[2025-07-05 04:05:46][FINE] Datapack loaded.
[2025-07-05 04:05:46][INFO] Initializing Storage: 'file' (Type: 'bluemap:file')
[2025-07-05 04:05:46][INFO] Loading map 'world_the_end'...
[2025-07-05 04:05:46][FINE] Loading render-state for map 'world_the_end'
[2025-07-05 04:05:46][FINE] Loading textures for map 'world_the_end'
[2025-07-05 04:05:46][FINE] Loading world world#minecraft:overworld ...
[2025-07-05 04:05:46][FINE] Loading datapack...
[2025-07-05 04:05:46][FINE] Loading datapack from: mods/corpse-neoforge-1.21.4-1.1.7.jar ...
[2025-07-05 04:05:46][FINE] Loading datapack from: mods/sophisticatedbackpacks-1.21.4-3.24.14.1265.jar ...
[2025-07-05 04:05:46][FINE] Loading datapack from: mods/balm-neoforge-1.21.4-21.4.34.jar ...
[2025-07-05 04:05:46][FINE] Loading datapack from: mods/Chunky-NeoForge-1.4.27.jar ...
[2025-07-05 04:05:46][FINE] Loading datapack from: mods/bluemap-5.7-neoforge.jar ...
[2025-07-05 04:05:46][FINE] Loading datapack from: mods/sophisticatedcore-1.21.4-1.3.50.1021.jar ...
[2025-07-05 04:05:46][FINE] Loading datapack from: mods/XaerosWorldMap_1.39.10_NeoForge_1.21.4.jar ...
[2025-07-05 04:05:46][FINE] Loading datapack from: mods/lithium-neoforge-0.15.3+mc1.21.4.jar ...
[2025-07-05 04:05:46][FINE] Loading datapack from: mods/FallingTree-1.21.4-1.21.4.12.jar ...
[2025-07-05 04:05:46][FINE] Loading datapack from: mods/worldedit-mod-7.3.11.jar ...
[2025-07-05 04:05:46][FINE] Loading datapack from: mods/jei-1.21.4-neoforge-20.0.0.4.jar ...
[2025-07-05 04:05:46][FINE] Loading datapack from: mods/waystones-neoforge-1.21.4-21.4.15.jar ...
[2025-07-05 04:05:46][FINE] Loading datapack from: mods/Xaeros_Minimap_25.2.7_NeoForge_1.21.4.jar ...
[2025-07-05 04:05:46][FINE] Loading datapack from: bluemap/resourceExtensions.zip ...
[2025-07-05 04:05:46][FINE] Loading datapack from: bluemap/minecraft-client-1.21.4.jar ...
[2025-07-05 04:05:46][FINE] Baking datapack...
[2025-07-05 04:05:46][FINE] Datapack loaded.
[2025-07-05 04:05:46][INFO] Loading map 'world'...
[2025-07-05 04:05:46][FINE] Loading render-state for map 'world'
[2025-07-05 04:05:46][FINE] Loading textures for map 'world'
[2025-07-05 04:05:46][FINE] Loading world world#minecraft:the_nether ...
[2025-07-05 04:05:46][FINE] Loading datapack...
[2025-07-05 04:05:46][FINE] Loading datapack from: mods/corpse-neoforge-1.21.4-1.1.7.jar ...
[2025-07-05 04:05:46][FINE] Loading datapack from: mods/sophisticatedbackpacks-1.21.4-3.24.14.1265.jar ...
[2025-07-05 04:05:46][FINE] Loading datapack from: mods/balm-neoforge-1.21.4-21.4.34.jar ...
[2025-07-05 04:05:46][FINE] Loading datapack from: mods/Chunky-NeoForge-1.4.27.jar ...
[2025-07-05 04:05:46][FINE] Loading datapack from: mods/bluemap-5.7-neoforge.jar ...
[2025-07-05 04:05:46][FINE] Loading datapack from: mods/sophisticatedcore-1.21.4-1.3.50.1021.jar ...
[2025-07-05 04:05:46][FINE] Loading datapack from: mods/XaerosWorldMap_1.39.10_NeoForge_1.21.4.jar ...
[2025-07-05 04:05:46][FINE] Loading datapack from: mods/lithium-neoforge-0.15.3+mc1.21.4.jar ...
[2025-07-05 04:05:46][FINE] Loading datapack from: mods/FallingTree-1.21.4-1.21.4.12.jar ...
[2025-07-05 04:05:46][FINE] Loading datapack from: mods/worldedit-mod-7.3.11.jar ...
[2025-07-05 04:05:46][FINE] Loading datapack from: mods/jei-1.21.4-neoforge-20.0.0.4.jar ...
[2025-07-05 04:05:46][FINE] Loading datapack from: mods/waystones-neoforge-1.21.4-21.4.15.jar ...
[2025-07-05 04:05:46][FINE] Loading datapack from: mods/Xaeros_Minimap_25.2.7_NeoForge_1.21.4.jar ...
[2025-07-05 04:05:46][FINE] Loading datapack from: bluemap/resourceExtensions.zip ...
[2025-07-05 04:05:46][FINE] Loading datapack from: bluemap/minecraft-client-1.21.4.jar ...
[2025-07-05 04:05:46][FINE] Baking datapack...
[2025-07-05 04:05:46][FINE] Datapack loaded.
[2025-07-05 04:05:46][INFO] Loading map 'world_the_nether'...
[2025-07-05 04:05:46][FINE] Loading render-state for map 'world_the_nether'
[2025-07-05 04:05:46][FINE] Loading textures for map 'world_the_nether'
[2025-07-05 04:05:46][INFO] WebServer bound to all network interfaces on port 8100
[2025-07-05 04:05:46][INFO] WebServer started.
[2025-07-05 04:05:46][FINE] Started watching map 'world_the_end' for updates...
[2025-07-05 04:05:46][FINE] Started watching map 'world' for updates...
[2025-07-05 04:05:46][FINE] Started watching map 'world_the_nether' for updates...
[2025-07-05 04:05:46][INFO] Loaded!
[2025-07-05 05:01:43][FINE] Scheduled update for region-file: (1, 27) (Map: world)
[2025-07-05 05:01:43][FINE] No renderer found for entity type: minecraft:chest_minecart
[2025-07-05 05:01:46][FINE] No renderer found for entity type: minecraft:rabbit
[2025-07-05 05:01:47][FINE] No renderer found for entity type: minecraft:armadillo
[2025-07-05 05:01:48][FINE] Scheduled update for region-file: (0, 26) (Map: world)
[2025-07-05 05:01:51][FINE] Scheduled update for region-file: (1, 27) (Map: world)
[2025-07-05 05:01:51][FINE] Scheduled update for region-file: (0, 27) (Map: world)
[2025-07-05 05:01:52][FINE] Scheduled update for region-file: (1, 26) (Map: world)
[2025-07-05 05:01:53][FINE] No renderer found for entity type: minecraft:item
[2025-07-05 05:01:57][FINE] No renderer found for entity type: minecraft:oak_boat
[2025-07-05 05:01:57][FINE] No renderer found for entity type: minecraft:villager
[2025-07-05 05:01:57][FINE] No renderer found for entity type: minecraft:zombie
[2025-07-05 05:01:58][FINE] No renderer found for entity type: minecraft:drowned
[2025-07-05 05:01:58][FINE] No renderer found for entity type: minecraft:wolf
[2025-07-05 05:01:58][FINE] No renderer found for entity type: minecraft:hopper_minecart
[2025-07-05 05:02:01][FINE] Scheduled update for region-file: (1, 27) (Map: world)
[2025-07-05 05:02:01][FINE] Scheduled update for region-file: (0, 27) (Map: world)
[2025-07-05 05:02:11][FINE] Scheduled update for region-file: (1, 27) (Map: world)
[2025-07-05 05:02:11][FINE] Scheduled update for region-file: (0, 27) (Map: world)
[2025-07-05 05:02:21][FINE] Scheduled update for region-file: (1, 27) (Map: world)
[2025-07-05 05:02:21][FINE] Scheduled update for region-file: (0, 27) (Map: world)
[2025-07-05 05:02:22][FINE] Scheduled update for region-file: (1, 26) (Map: world)
[2025-07-05 05:02:31][FINE] Scheduled update for region-file: (1, 27) (Map: world)
[2025-07-05 05:02:31][FINE] Scheduled update for region-file: (0, 27) (Map: world)
[2025-07-05 05:02:32][FINE] Scheduled update for region-file: (1, 26) (Map: world)
[2025-07-05 05:02:41][FINE] Scheduled update for region-file: (1, 27) (Map: world)
[2025-07-05 05:02:41][FINE] Scheduled update for region-file: (0, 27) (Map: world)
[2025-07-05 05:02:51][FINE] Scheduled update for region-file: (1, 27) (Map: world)
[2025-07-05 05:02:51][FINE] Scheduled update for region-file: (0, 27) (Map: world)
[2025-07-05 05:03:01][FINE] Scheduled update for region-file: (1, 27) (Map: world)
[2025-07-05 05:03:01][FINE] Scheduled update for region-file: (0, 27) (Map: world)
[2025-07-05 05:03:11][FINE] Scheduled update for region-file: (1, 27) (Map: world)
[2025-07-05 05:03:11][FINE] Scheduled update for region-file: (0, 27) (Map: world)
[2025-07-05 05:03:21][FINE] Scheduled update for region-file: (1, 27) (Map: world)
[2025-07-05 05:03:21][FINE] Scheduled update for region-file: (0, 27) (Map: world)
[2025-07-05 05:03:31][FINE] Scheduled update for region-file: (1, 27) (Map: world)
[2025-07-05 05:03:31][FINE] Scheduled update for region-file: (0, 27) (Map: world)
[2025-07-05 05:03:41][FINE] Scheduled update for region-file: (1, 27) (Map: world)
[2025-07-05 05:03:41][FINE] Scheduled update for region-file: (0, 27) (Map: world)
[2025-07-05 05:03:51][FINE] Scheduled update for region-file: (1, 27) (Map: world)
[2025-07-05 05:03:51][FINE] Scheduled update for region-file: (0, 27) (Map: world)
[2025-07-05 05:04:01][FINE] Scheduled update for region-file: (1, 27) (Map: world)
[2025-07-05 05:04:01][FINE] Scheduled update for region-file: (0, 27) (Map: world)
[2025-07-05 05:04:11][FINE] Scheduled update for region-file: (1, 27) (Map: world)
[2025-07-05 05:04:11][FINE] Scheduled update for region-file: (0, 27) (Map: world)
[2025-07-05 05:04:21][FINE] Scheduled update for region-file: (1, 27) (Map: world)
[2025-07-05 05:04:21][FINE] Scheduled update for region-file: (0, 27) (Map: world)
[2025-07-05 05:04:22][FINE] Scheduled update for region-file: (1, 26) (Map: world)
[2025-07-05 05:04:31][FINE] Scheduled update for region-file: (1, 27) (Map: world)
[2025-07-05 05:04:31][FINE] Scheduled update for region-file: (0, 27) (Map: world)
[2025-07-05 05:04:32][FINE] Scheduled update for region-file: (1, 26) (Map: world)
[2025-07-05 05:04:41][FINE] Scheduled update for region-file: (1, 27) (Map: world)
[2025-07-05 05:04:41][FINE] Scheduled update for region-file: (0, 27) (Map: world)
[2025-07-05 05:04:42][FINE] Scheduled update for region-file: (1, 26) (Map: world)
[2025-07-05 05:04:51][FINE] Scheduled update for region-file: (1, 27) (Map: world)
[2025-07-05 05:04:51][FINE] Scheduled update for region-file: (0, 27) (Map: world)
[2025-07-05 05:04:52][FINE] Scheduled update for region-file: (1, 26) (Map: world)
[2025-07-05 05:05:01][FINE] Scheduled update for region-file: (1, 27) (Map: world)
[2025-07-05 05:05:01][FINE] Scheduled update for region-file: (0, 27) (Map: world)
[2025-07-05 05:05:02][FINE] Scheduled update for region-file: (1, 26) (Map: world)
[2025-07-05 05:05:11][FINE] Scheduled update for region-file: (1, 27) (Map: world)
[2025-07-05 05:05:11][FINE] Scheduled update for region-file: (0, 27) (Map: world)
[2025-07-05 05:05:21][FINE] Scheduled update for region-file: (1, 27) (Map: world)
[2025-07-05 05:05:21][FINE] Scheduled update for region-file: (0, 27) (Map: world)
[2025-07-05 05:05:31][FINE] Scheduled update for region-file: (1, 27) (Map: world)
[2025-07-05 05:05:31][FINE] Scheduled update for region-file: (0, 27) (Map: world)
[2025-07-05 05:05:41][FINE] Scheduled update for region-file: (1, 27) (Map: world)
[2025-07-05 05:05:41][FINE] Scheduled update for region-file: (0, 27) (Map: world)
[2025-07-05 05:05:46][FINE] Stopped watching map 'world_the_end' for updates.
[2025-07-05 05:05:46][FINE] Stopped watching map 'world' for updates.
[2025-07-05 05:05:46][FINE] Stopped watching map 'world_the_nether' for updates.
[2025-07-05 05:05:46][FINE] Started watching map 'world_the_end' for updates...
[2025-07-05 05:05:46][FINE] Started watching map 'world' for updates...
[2025-07-05 05:05:46][FINE] Started watching map 'world_the_nether' for updates...
[2025-07-05 05:06:01][FINE] Scheduled update for region-file: (1, 27) (Map: world)
[2025-07-05 05:06:01][FINE] Scheduled update for region-file: (0, 27) (Map: world)
[2025-07-05 05:06:11][FINE] Scheduled update for region-file: (1, 27) (Map: world)
[2025-07-05 05:06:11][FINE] Scheduled update for region-file: (0, 27) (Map: world)
[2025-07-05 05:06:21][FINE] Scheduled update for region-file: (1, 27) (Map: world)
[2025-07-05 05:06:21][FINE] Scheduled update for region-file: (0, 27) (Map: world)
[2025-07-05 05:06:35][FINE] Scheduled update for region-file: (1, 27) (Map: world)
[2025-07-05 05:06:35][FINE] Scheduled update for region-file: (0, 27) (Map: world)
[2025-07-05 05:06:35][FINE] Scheduled update for region-file: (1, 26) (Map: world)
[2025-07-05 05:06:35][FINE] No renderer found for entity type: minecraft:glow_squid
[2025-07-05 05:06:35][FINE] No renderer found for entity type: minecraft:enderman
[2025-07-05 05:06:35][FINE] No renderer found for entity type: minecraft:skeleton
[2025-07-05 05:06:35][FINE] No renderer found for entity type: minecraft:creeper
[2025-07-05 05:06:35][FINE] No renderer found for entity type: minecraft:spider
[2025-07-05 05:06:35][FINE] No renderer found for entity type: minecraft:axolotl
[2025-07-05 05:06:36][FINE] No renderer found for entity type: minecraft:bat
[2025-07-05 05:06:36][FINE] No renderer found for entity type: minecraft:pufferfish
[2025-07-05 05:06:36][FINE] No renderer found for entity type: minecraft:tropical_fish
[2025-07-05 05:06:36][FINE] No renderer found for entity type: minecraft:iron_golem
[2025-07-05 05:06:45][FINE] Scheduled update for region-file: (1, 27) (Map: world)
[2025-07-05 05:06:45][FINE] Scheduled update for region-file: (0, 27) (Map: world)
[2025-07-05 05:06:45][FINE] Scheduled update for region-file: (1, 26) (Map: world)
[2025-07-05 05:06:55][FINE] Scheduled update for region-file: (1, 27) (Map: world)
[2025-07-05 05:06:55][FINE] Scheduled update for region-file: (0, 27) (Map: world)
[2025-07-05 05:06:55][FINE] Scheduled update for region-file: (1, 26) (Map: world)
[2025-07-05 05:07:05][FINE] Scheduled update for region-file: (1, 27) (Map: world)
[2025-07-05 05:07:05][FINE] Scheduled update for region-file: (0, 27) (Map: world)
[2025-07-05 05:07:05][FINE] Scheduled update for region-file: (1, 26) (Map: world)
[2025-07-05 05:07:15][FINE] Scheduled update for region-file: (1, 27) (Map: world)
[2025-07-05 05:07:15][FINE] Scheduled update for region-file: (0, 27) (Map: world)
[2025-07-05 05:07:17][FINE] Scheduled update for region-file: (1, 26) (Map: world)
[2025-07-05 05:07:25][FINE] Scheduled update for region-file: (1, 27) (Map: world)
[2025-07-05 05:07:25][FINE] Scheduled update for region-file: (0, 27) (Map: world)
[2025-07-05 05:07:27][FINE] Scheduled update for region-file: (1, 26) (Map: world)
[2025-07-05 05:07:35][FINE] Scheduled update for region-file: (0, 27) (Map: world)
[2025-07-05 05:07:35][FINE] Scheduled update for region-file: (1, 27) (Map: world)
[2025-07-05 05:07:37][FINE] Scheduled update for region-file: (1, 26) (Map: world)
[2025-07-05 05:07:45][FINE] Scheduled update for region-file: (0, 27) (Map: world)
[2025-07-05 05:07:45][FINE] Scheduled update for region-file: (1, 27) (Map: world)
[2025-07-05 05:07:47][FINE] Scheduled update for region-file: (1, 26) (Map: world)
[2025-07-05 05:07:55][FINE] Scheduled update for region-file: (0, 27) (Map: world)
[2025-07-05 05:07:55][FINE] Scheduled update for region-file: (1, 27) (Map: world)
[2025-07-05 05:08:00][FINE] Scheduled update for region-file: (1, 26) (Map: world)
[2025-07-05 05:08:05][FINE] Scheduled update for region-file: (0, 27) (Map: world)
[2025-07-05 05:08:05][FINE] Scheduled update for region-file: (1, 27) (Map: world)
[2025-07-05 05:08:07][FINE] Scheduled update for region-file: (1, 26) (Map: world)
[2025-07-05 05:08:15][FINE] Scheduled update for region-file: (0, 27) (Map: world)
[2025-07-05 05:08:15][FINE] Scheduled update for region-file: (1, 27) (Map: world)
[2025-07-05 05:08:17][FINE] Scheduled update for region-file: (1, 26) (Map: world)
[2025-07-05 05:08:25][FINE] Scheduled update for region-file: (0, 27) (Map: world)
[2025-07-05 05:08:25][FINE] Scheduled update for region-file: (1, 27) (Map: world)
[2025-07-05 05:08:35][FINE] Scheduled update for region-file: (0, 27) (Map: world)
[2025-07-05 05:08:35][FINE] Scheduled update for region-file: (1, 27) (Map: world)
[2025-07-05 05:08:40][FINE] Scheduled update for region-file: (1, 26) (Map: world)
[2025-07-05 05:08:45][FINE] Scheduled update for region-file: (0, 27) (Map: world)
[2025-07-05 05:08:45][FINE] Scheduled update for region-file: (1, 27) (Map: world)
[2025-07-05 05:08:47][FINE] Scheduled update for region-file: (1, 26) (Map: world)
[2025-07-05 05:08:55][FINE] Scheduled update for region-file: (0, 27) (Map: world)
[2025-07-05 05:08:55][FINE] Scheduled update for region-file: (1, 27) (Map: world)
[2025-07-05 05:08:58][FINE] Scheduled update for region-file: (1, 26) (Map: world)
[2025-07-05 05:09:05][FINE] Scheduled update for region-file: (0, 27) (Map: world)
[2025-07-05 05:09:05][FINE] Scheduled update for region-file: (1, 27) (Map: world)
[2025-07-05 05:09:08][FINE] Scheduled update for region-file: (1, 26) (Map: world)
[2025-07-05 05:09:15][FINE] Scheduled update for region-file: (0, 27) (Map: world)
[2025-07-05 05:09:15][FINE] Scheduled update for region-file: (1, 27) (Map: world)
[2025-07-05 05:09:18][FINE] Scheduled update for region-file: (1, 26) (Map: world)
[2025-07-05 05:09:25][FINE] Scheduled update for region-file: (0, 27) (Map: world)
[2025-07-05 05:09:25][FINE] Scheduled update for region-file: (1, 27) (Map: world)
[2025-07-05 05:09:28][FINE] Scheduled update for region-file: (1, 26) (Map: world)
[2025-07-05 05:09:35][FINE] Scheduled update for region-file: (0, 27) (Map: world)
[2025-07-05 05:09:35][FINE] Scheduled update for region-file: (1, 27) (Map: world)
[2025-07-05 05:09:37][FINE] Scheduled update for region-file: (1, 26) (Map: world)
[2025-07-05 05:09:45][FINE] Scheduled update for region-file: (0, 27) (Map: world)
[2025-07-05 05:09:45][FINE] Scheduled update for region-file: (1, 27) (Map: world)
[2025-07-05 05:09:47][FINE] Scheduled update for region-file: (1, 26) (Map: world)
[2025-07-05 05:09:55][FINE] Scheduled update for region-file: (0, 27) (Map: world)
[2025-07-05 05:09:55][FINE] Scheduled update for region-file: (1, 27) (Map: world)
[2025-07-05 05:10:05][FINE] Scheduled update for region-file: (0, 27) (Map: world)
[2025-07-05 05:10:05][FINE] Scheduled update for region-file: (1, 27) (Map: world)
[2025-07-05 05:10:15][FINE] Scheduled update for region-file: (0, 27) (Map: world)
[2025-07-05 05:10:15][FINE] Scheduled update for region-file: (1, 27) (Map: world)
[2025-07-05 05:10:18][FINE] Scheduled update for region-file: (1, 26) (Map: world)
[2025-07-05 05:10:25][FINE] Scheduled update for region-file: (0, 27) (Map: world)
[2025-07-05 05:10:25][FINE] Scheduled update for region-file: (1, 27) (Map: world)
[2025-07-05 05:10:35][FINE] Scheduled update for region-file: (0, 27) (Map: world)
[2025-07-05 05:10:35][FINE] Scheduled update for region-file: (1, 27) (Map: world)
[2025-07-05 05:10:45][FINE] Scheduled update for region-file: (0, 27) (Map: world)
[2025-07-05 05:10:45][FINE] Scheduled update for region-file: (1, 27) (Map: world)
[2025-07-05 05:10:48][FINE] Scheduled update for region-file: (1, 26) (Map: world)
[2025-07-05 05:10:55][FINE] Scheduled update for region-file: (0, 27) (Map: world)
[2025-07-05 05:10:55][FINE] Scheduled update for region-file: (1, 27) (Map: world)
[2025-07-05 05:11:05][FINE] Scheduled update for region-file: (0, 27) (Map: world)
[2025-07-05 05:11:05][FINE] Scheduled update for region-file: (1, 27) (Map: world)
[2025-07-05 05:11:08][FINE] Scheduled update for region-file: (1, 26) (Map: world)
[2025-07-05 05:11:15][FINE] Scheduled update for region-file: (0, 27) (Map: world)
[2025-07-05 05:11:15][FINE] Scheduled update for region-file: (1, 27) (Map: world)
[2025-07-05 05:11:18][FINE] Scheduled update for region-file: (1, 26) (Map: world)
[2025-07-05 05:11:25][FINE] Scheduled update for region-file: (0, 27) (Map: world)
[2025-07-05 05:11:25][FINE] Scheduled update for region-file: (1, 27) (Map: world)
[2025-07-05 05:11:27][FINE] Scheduled update for region-file: (1, 26) (Map: world)
[2025-07-05 05:11:35][FINE] Scheduled update for region-file: (1, 27) (Map: world)
[2025-07-05 05:11:35][FINE] Scheduled update for region-file: (0, 27) (Map: world)
[2025-07-05 05:11:37][FINE] Scheduled update for region-file: (1, 26) (Map: world)
[2025-07-05 05:11:45][FINE] Scheduled update for region-file: (1, 27) (Map: world)
[2025-07-05 05:11:45][FINE] Scheduled update for region-file: (0, 27) (Map: world)
[2025-07-05 05:11:47][FINE] Scheduled update for region-file: (1, 26) (Map: world)
[2025-07-05 05:11:55][FINE] Scheduled update for region-file: (1, 27) (Map: world)
[2025-07-05 05:11:55][FINE] Scheduled update for region-file: (0, 27) (Map: world)
[2025-07-05 05:11:56][FINE] Scheduled update for region-file: (1, 26) (Map: world)
[2025-07-05 05:12:05][FINE] Scheduled update for region-file: (1, 27) (Map: world)
[2025-07-05 05:12:05][FINE] Scheduled update for region-file: (0, 27) (Map: world)
[2025-07-05 05:12:06][FINE] Scheduled update for region-file: (1, 26) (Map: world)
[2025-07-05 05:12:15][FINE] Scheduled update for region-file: (1, 27) (Map: world)
[2025-07-05 05:12:15][FINE] Scheduled update for region-file: (0, 27) (Map: world)
[2025-07-05 05:12:25][FINE] Scheduled update for region-file: (1, 27) (Map: world)
[2025-07-05 05:12:25][FINE] Scheduled update for region-file: (0, 27) (Map: world)
[2025-07-05 05:12:35][FINE] Scheduled update for region-file: (1, 27) (Map: world)
[2025-07-05 05:12:35][FINE] Scheduled update for region-file: (0, 27) (Map: world)
[2025-07-05 05:12:36][FINE] Scheduled update for region-file: (1, 26) (Map: world)
[2025-07-05 05:12:45][FINE] Scheduled update for region-file: (1, 27) (Map: world)
[2025-07-05 05:12:45][FINE] Scheduled update for region-file: (0, 27) (Map: world)
[2025-07-05 05:12:46][FINE] Scheduled update for region-file: (1, 26) (Map: world)
[2025-07-05 05:12:55][FINE] Scheduled update for region-file: (1, 27) (Map: world)
[2025-07-05 05:12:55][FINE] Scheduled update for region-file: (0, 27) (Map: world)
[2025-07-05 05:12:57][FINE] Scheduled update for region-file: (1, 26) (Map: world)
[2025-07-05 05:13:05][FINE] Scheduled update for region-file: (1, 27) (Map: world)
[2025-07-05 05:13:05][FINE] Scheduled update for region-file: (0, 27) (Map: world)
[2025-07-05 05:13:06][FINE] Scheduled update for region-file: (1, 26) (Map: world)
[2025-07-05 05:13:15][FINE] Scheduled update for region-file: (1, 27) (Map: world)
[2025-07-05 05:13:15][FINE] Scheduled update for region-file: (0, 27) (Map: world)
[2025-07-05 05:13:17][FINE] Scheduled update for region-file: (1, 26) (Map: world)
[2025-07-05 05:13:25][FINE] Scheduled update for region-file: (1, 27) (Map: world)
[2025-07-05 05:13:25][FINE] Scheduled update for region-file: (0, 27) (Map: world)
[2025-07-05 05:13:35][FINE] Scheduled update for region-file: (1, 27) (Map: world)
[2025-07-05 05:13:35][FINE] Scheduled update for region-file: (0, 27) (Map: world)
[2025-07-05 05:13:36][FINE] Scheduled update for region-file: (1, 26) (Map: world)
[2025-07-05 05:13:45][FINE] Scheduled update for region-file: (1, 27) (Map: world)
[2025-07-05 05:13:45][FINE] Scheduled update for region-file: (0, 27) (Map: world)
[2025-07-05 05:13:46][FINE] Scheduled update for region-file: (1, 26) (Map: world)
[2025-07-05 05:13:55][FINE] Scheduled update for region-file: (1, 27) (Map: world)
[2025-07-05 05:13:55][FINE] Scheduled update for region-file: (0, 27) (Map: world)
[2025-07-05 05:13:56][FINE] Scheduled update for region-file: (1, 26) (Map: world)
[2025-07-05 05:14:05][FINE] Scheduled update for region-file: (1, 27) (Map: world)
[2025-07-05 05:14:05][FINE] Scheduled update for region-file: (0, 27) (Map: world)
[2025-07-05 05:14:08][FINE] Scheduled update for region-file: (1, 26) (Map: world)
[2025-07-05 05:14:15][FINE] Scheduled update for region-file: (1, 26) (Map: world)
[2025-07-05 05:14:15][FINE] Scheduled update for region-file: (1, 27) (Map: world)
[2025-07-05 05:14:15][FINE] Scheduled update for region-file: (0, 27) (Map: world)
[2025-07-05 05:14:25][FINE] Scheduled update for region-file: (1, 27) (Map: world)
[2025-07-05 05:14:25][FINE] Scheduled update for region-file: (0, 27) (Map: world)
[2025-07-05 05:14:35][FINE] Scheduled update for region-file: (1, 27) (Map: world)
[2025-07-05 05:14:35][FINE] Scheduled update for region-file: (0, 27) (Map: world)
[2025-07-05 05:14:45][FINE] Scheduled update for region-file: (1, 26) (Map: world)
[2025-07-05 05:14:45][FINE] Scheduled update for region-file: (1, 27) (Map: world)
[2025-07-05 05:14:45][FINE] Scheduled update for region-file: (0, 27) (Map: world)
[2025-07-05 05:14:55][FINE] Scheduled update for region-file: (1, 26) (Map: world)
[2025-07-05 05:14:55][FINE] Scheduled update for region-file: (1, 27) (Map: world)
[2025-07-05 05:14:55][FINE] Scheduled update for region-file: (0, 27) (Map: world)
[2025-07-05 05:15:05][FINE] Scheduled update for region-file: (1, 27) (Map: world)
[2025-07-05 05:15:05][FINE] Scheduled update for region-file: (0, 27) (Map: world)
[2025-07-05 05:15:15][FINE] Scheduled update for region-file: (1, 27) (Map: world)
[2025-07-05 05:15:15][FINE] Scheduled update for region-file: (0, 27) (Map: world)
[2025-07-05 05:15:25][FINE] Scheduled update for region-file: (1, 27) (Map: world)
[2025-07-05 05:15:25][FINE] Scheduled update for region-file: (0, 27) (Map: world)
[2025-07-05 05:15:35][FINE] Scheduled update for region-file: (1, 26) (Map: world)
[2025-07-05 05:15:35][FINE] Scheduled update for region-file: (1, 27) (Map: world)
[2025-07-05 05:15:35][FINE] Scheduled update for region-file: (0, 27) (Map: world)
[2025-07-05 05:15:45][FINE] Scheduled update for region-file: (1, 26) (Map: world)
[2025-07-05 05:15:45][FINE] Scheduled update for region-file: (1, 27) (Map: world)
[2025-07-05 05:15:45][FINE] Scheduled update for region-file: (0, 27) (Map: world)
[2025-07-05 05:15:55][FINE] Scheduled update for region-file: (1, 26) (Map: world)
[2025-07-05 05:15:55][FINE] Scheduled update for region-file: (1, 27) (Map: world)
[2025-07-05 05:15:55][FINE] Scheduled update for region-file: (0, 27) (Map: world)
[2025-07-05 05:16:05][FINE] Scheduled update for region-file: (1, 26) (Map: world)
[2025-07-05 05:16:05][FINE] Scheduled update for region-file: (1, 27) (Map: world)
[2025-07-05 05:16:05][FINE] Scheduled update for region-file: (0, 27) (Map: world)
[2025-07-05 05:16:15][FINE] Scheduled update for region-file: (1, 27) (Map: world)
[2025-07-05 05:16:15][FINE] Scheduled update for region-file: (0, 27) (Map: world)
[2025-07-05 05:16:17][FINE] Scheduled update for region-file: (1, 26) (Map: world)
[2025-07-05 05:16:25][FINE] Scheduled update for region-file: (1, 27) (Map: world)
[2025-07-05 05:16:25][FINE] Scheduled update for region-file: (0, 27) (Map: world)
[2025-07-05 05:16:27][FINE] Scheduled update for region-file: (1, 26) (Map: world)
[2025-07-05 05:16:35][FINE] Scheduled update for region-file: (1, 27) (Map: world)
[2025-07-05 05:16:35][FINE] Scheduled update for region-file: (0, 27) (Map: world)
[2025-07-05 05:16:37][FINE] Scheduled update for region-file: (1, 26) (Map: world)
[2025-07-05 05:16:37][FINE] No renderer found for entity type: minecraft:squid
[2025-07-05 05:16:45][FINE] Scheduled update for region-file: (1, 27) (Map: world)
[2025-07-05 05:16:45][FINE] Scheduled update for region-file: (0, 27) (Map: world)
[2025-07-05 05:16:55][FINE] Scheduled update for region-file: (1, 27) (Map: world)
[2025-07-05 05:16:55][FINE] Scheduled update for region-file: (0, 27) (Map: world)
[2025-07-05 05:17:05][FINE] Scheduled update for region-file: (1, 27) (Map: world)
[2025-07-05 05:17:05][FINE] Scheduled update for region-file: (0, 27) (Map: world)
[2025-07-05 05:17:15][FINE] Scheduled update for region-file: (1, 27) (Map: world)
[2025-07-05 05:17:15][FINE] Scheduled update for region-file: (0, 27) (Map: world)
[2025-07-05 05:17:17][FINE] Scheduled update for region-file: (1, 26) (Map: world)
[2025-07-05 05:17:18][FINE] No renderer found for entity type: minecraft:slime
[2025-07-05 05:17:25][FINE] Scheduled update for region-file: (1, 27) (Map: world)
[2025-07-05 05:17:25][FINE] Scheduled update for region-file: (0, 27) (Map: world)
[2025-07-05 05:17:26][FINE] Scheduled update for region-file: (1, 26) (Map: world)
[2025-07-05 05:17:35][FINE] Scheduled update for region-file: (1, 27) (Map: world)
[2025-07-05 05:17:35][FINE] Scheduled update for region-file: (0, 27) (Map: world)
[2025-07-05 05:17:36][FINE] Scheduled update for region-file: (1, 26) (Map: world)
[2025-07-05 05:17:45][FINE] Scheduled update for region-file: (1, 27) (Map: world)
[2025-07-05 05:17:45][FINE] Scheduled update for region-file: (0, 27) (Map: world)
[2025-07-05 05:17:49][FINE] Scheduled update for region-file: (1, 26) (Map: world)
[2025-07-05 05:17:55][FINE] Scheduled update for region-file: (1, 27) (Map: world)
[2025-07-05 05:17:55][FINE] Scheduled update for region-file: (0, 27) (Map: world)
[2025-07-05 05:18:05][FINE] Scheduled update for region-file: (1, 27) (Map: world)
[2025-07-05 05:18:05][FINE] Scheduled update for region-file: (0, 27) (Map: world)
[2025-07-05 05:18:15][FINE] Scheduled update for region-file: (1, 27) (Map: world)
[2025-07-05 05:18:15][FINE] Scheduled update for region-file: (0, 27) (Map: world)
[2025-07-05 05:18:16][FINE] Scheduled update for region-file: (1, 26) (Map: world)
[2025-07-05 05:18:25][FINE] Scheduled update for region-file: (1, 27) (Map: world)
[2025-07-05 05:18:25][FINE] Scheduled update for region-file: (0, 27) (Map: world)
[2025-07-05 05:18:26][FINE] Scheduled update for region-file: (1, 26) (Map: world)
[2025-07-05 05:18:35][FINE] Scheduled update for region-file: (1, 27) (Map: world)
[2025-07-05 05:18:35][FINE] Scheduled update for region-file: (0, 27) (Map: world)
[2025-07-05 05:18:36][FINE] Scheduled update for region-file: (1, 26) (Map: world)
[2025-07-05 05:18:45][FINE] Scheduled update for region-file: (1, 27) (Map: world)
[2025-07-05 05:18:45][FINE] Scheduled update for region-file: (0, 27) (Map: world)
[2025-07-05 05:18:55][FINE] Scheduled update for region-file: (1, 27) (Map: world)
[2025-07-05 05:18:55][FINE] Scheduled update for region-file: (0, 27) (Map: world)
[2025-07-05 05:19:05][FINE] Scheduled update for region-file: (1, 27) (Map: world)
[2025-07-05 05:19:05][FINE] Scheduled update for region-file: (0, 27) (Map: world)
[2025-07-05 05:19:08][FINE] Scheduled update for region-file: (1, 26) (Map: world)
[2025-07-05 05:19:15][FINE] Scheduled update for region-file: (1, 27) (Map: world)
[2025-07-05 05:19:15][FINE] Scheduled update for region-file: (0, 27) (Map: world)
[2025-07-05 05:19:18][FINE] Scheduled update for region-file: (1, 26) (Map: world)
[2025-07-05 05:19:25][FINE] Scheduled update for region-file: (1, 27) (Map: world)
[2025-07-05 05:19:25][FINE] Scheduled update for region-file: (0, 27) (Map: world)
[2025-07-05 05:19:28][FINE] Scheduled update for region-file: (1, 26) (Map: world)
[2025-07-05 05:19:35][FINE] Scheduled update for region-file: (1, 27) (Map: world)
[2025-07-05 05:19:35][FINE] Scheduled update for region-file: (0, 27) (Map: world)
[2025-07-05 05:19:45][FINE] Scheduled update for region-file: (1, 27) (Map: world)
[2025-07-05 05:19:45][FINE] Scheduled update for region-file: (0, 27) (Map: world)
[2025-07-05 05:19:55][FINE] Scheduled update for region-file: (1, 27) (Map: world)
[2025-07-05 05:19:55][FINE] Scheduled update for region-file: (0, 27) (Map: world)
[2025-07-05 05:19:58][FINE] Scheduled update for region-file: (1, 26) (Map: world)
[2025-07-05 05:20:05][FINE] Scheduled update for region-file: (1, 27) (Map: world)
[2025-07-05 05:20:05][FINE] Scheduled update for region-file: (0, 27) (Map: world)
[2025-07-05 05:20:08][FINE] Scheduled update for region-file: (1, 26) (Map: world)
[2025-07-05 05:20:15][FINE] Scheduled update for region-file: (1, 27) (Map: world)
[2025-07-05 05:20:15][FINE] Scheduled update for region-file: (0, 27) (Map: world)
[2025-07-05 05:20:25][FINE] Scheduled update for region-file: (1, 27) (Map: world)
[2025-07-05 05:20:25][FINE] Scheduled update for region-file: (0, 27) (Map: world)
[2025-07-05 05:20:35][FINE] Scheduled update for region-file: (1, 27) (Map: world)
[2025-07-05 05:20:35][FINE] Scheduled update for region-file: (0, 27) (Map: world)
[2025-07-05 05:20:45][FINE] Scheduled update for region-file: (1, 27) (Map: world)
[2025-07-05 05:20:45][FINE] Scheduled update for region-file: (0, 27) (Map: world)
[2025-07-05 05:20:55][FINE] Scheduled update for region-file: (1, 27) (Map: world)
[2025-07-05 05:20:55][FINE] Scheduled update for region-file: (0, 27) (Map: world)
[2025-07-05 05:21:00][FINE] Scheduled update for region-file: (1, 26) (Map: world)
[2025-07-05 05:21:05][FINE] Scheduled update for region-file: (1, 27) (Map: world)
[2025-07-05 05:21:05][FINE] Scheduled update for region-file: (0, 27) (Map: world)
[2025-07-05 05:21:15][FINE] Scheduled update for region-file: (1, 27) (Map: world)
[2025-07-05 05:21:15][FINE] Scheduled update for region-file: (0, 27) (Map: world)
[2025-07-05 05:21:25][FINE] Scheduled update for region-file: (1, 27) (Map: world)
[2025-07-05 05:21:25][FINE] Scheduled update for region-file: (0, 27) (Map: world)
[2025-07-05 05:21:35][FINE] Scheduled update for region-file: (1, 27) (Map: world)
[2025-07-05 05:21:35][FINE] Scheduled update for region-file: (0, 27) (Map: world)
[2025-07-05 05:21:35][FINE] Scheduled update for region-file: (1, 26) (Map: world)
[2025-07-05 05:21:45][FINE] Scheduled update for region-file: (1, 27) (Map: world)
[2025-07-05 05:21:45][FINE] Scheduled update for region-file: (0, 27) (Map: world)
[2025-07-05 05:21:48][FINE] Scheduled update for region-file: (1, 26) (Map: world)
[2025-07-05 05:21:48][FINE] Scheduled update for region-file: (0, 26) (Map: world)
[2025-07-05 05:21:55][FINE] Scheduled update for region-file: (1, 27) (Map: world)
[2025-07-05 05:21:55][FINE] Scheduled update for region-file: (0, 27) (Map: world)
[2025-07-05 05:21:57][FINE] Scheduled update for region-file: (1, 26) (Map: world)
[2025-07-05 05:22:05][FINE] Scheduled update for region-file: (1, 27) (Map: world)
[2025-07-05 05:22:05][FINE] Scheduled update for region-file: (0, 27) (Map: world)
[2025-07-05 05:22:08][FINE] Scheduled update for region-file: (1, 26) (Map: world)
[2025-07-05 05:22:15][FINE] Scheduled update for region-file: (1, 27) (Map: world)
[2025-07-05 05:22:15][FINE] Scheduled update for region-file: (0, 27) (Map: world)
[2025-07-05 05:22:18][FINE] Scheduled update for region-file: (1, 26) (Map: world)
[2025-07-05 05:22:25][FINE] Scheduled update for region-file: (1, 27) (Map: world)
[2025-07-05 05:22:25][FINE] Scheduled update for region-file: (0, 27) (Map: world)
[2025-07-05 05:22:27][FINE] Scheduled update for region-file: (1, 26) (Map: world)
[2025-07-05 05:22:35][FINE] Scheduled update for region-file: (1, 27) (Map: world)
[2025-07-05 05:22:35][FINE] Scheduled update for region-file: (0, 27) (Map: world)
[2025-07-05 05:22:45][FINE] Scheduled update for region-file: (0, 27) (Map: world)
[2025-07-05 05:22:45][FINE] Scheduled update for region-file: (1, 27) (Map: world)
[2025-07-05 05:22:55][FINE] Scheduled update for region-file: (0, 27) (Map: world)
[2025-07-05 05:22:55][FINE] Scheduled update for region-file: (1, 27) (Map: world)
[2025-07-05 05:22:56][FINE] Scheduled update for region-file: (1, 26) (Map: world)
[2025-07-05 05:23:05][FINE] Scheduled update for region-file: (0, 27) (Map: world)
[2025-07-05 05:23:05][FINE] Scheduled update for region-file: (1, 27) (Map: world)
[2025-07-05 05:23:06][FINE] Scheduled update for region-file: (1, 26) (Map: world)
[2025-07-05 05:23:15][FINE] Scheduled update for region-file: (0, 27) (Map: world)
[2025-07-05 05:23:15][FINE] Scheduled update for region-file: (1, 27) (Map: world)
[2025-07-05 05:23:16][FINE] Scheduled update for region-file: (1, 26) (Map: world)
[2025-07-05 05:23:25][FINE] Scheduled update for region-file: (0, 27) (Map: world)
[2025-07-05 05:23:25][FINE] Scheduled update for region-file: (1, 27) (Map: world)
[2025-07-05 05:23:26][FINE] Scheduled update for region-file: (1, 26) (Map: world)
[2025-07-05 05:23:35][FINE] Scheduled update for region-file: (1, 27) (Map: world)
[2025-07-05 05:23:35][FINE] Scheduled update for region-file: (0, 27) (Map: world)
[2025-07-05 05:23:39][FINE] Scheduled update for region-file: (1, 26) (Map: world)
[2025-07-05 05:23:45][FINE] Scheduled update for region-file: (1, 27) (Map: world)
[2025-07-05 05:23:45][FINE] Scheduled update for region-file: (0, 27) (Map: world)
[2025-07-05 05:23:55][FINE] Scheduled update for region-file: (1, 27) (Map: world)
[2025-07-05 05:23:55][FINE] Scheduled update for region-file: (0, 27) (Map: world)
[2025-07-05 05:24:05][FINE] Scheduled update for region-file: (1, 27) (Map: world)
[2025-07-05 05:24:05][FINE] Scheduled update for region-file: (0, 27) (Map: world)
[2025-07-05 05:24:15][FINE] Scheduled update for region-file: (0, 27) (Map: world)
[2025-07-05 05:24:15][FINE] Scheduled update for region-file: (1, 27) (Map: world)
[2025-07-05 05:24:25][FINE] Scheduled update for region-file: (0, 27) (Map: world)
[2025-07-05 05:24:25][FINE] Scheduled update for region-file: (1, 27) (Map: world)
[2025-07-05 05:24:27][FINE] Scheduled update for region-file: (1, 26) (Map: world)
[2025-07-05 05:24:35][FINE] Scheduled update for region-file: (1, 27) (Map: world)
[2025-07-05 05:24:35][FINE] Scheduled update for region-file: (0, 27) (Map: world)
[2025-07-05 05:24:45][FINE] Scheduled update for region-file: (1, 27) (Map: world)
[2025-07-05 05:24:45][FINE] Scheduled update for region-file: (0, 27) (Map: world)
[2025-07-05 05:24:55][FINE] Scheduled update for region-file: (1, 27) (Map: world)
[2025-07-05 05:24:55][FINE] Scheduled update for region-file: (0, 27) (Map: world)
[2025-07-05 05:24:57][FINE] Scheduled update for region-file: (1, 26) (Map: world)
[2025-07-05 05:25:03][FINE] Scheduled update for region-file: (0, 26) (Map: world)
[2025-07-05 05:25:05][FINE] Scheduled update for region-file: (1, 27) (Map: world)
[2025-07-05 05:25:05][FINE] Scheduled update for region-file: (0, 27) (Map: world)
[2025-07-05 05:25:15][FINE] Scheduled update for region-file: (1, 27) (Map: world)
[2025-07-05 05:25:15][FINE] Scheduled update for region-file: (0, 27) (Map: world)
[2025-07-05 05:25:25][FINE] Scheduled update for region-file: (0, 27) (Map: world)
[2025-07-05 05:25:25][FINE] Scheduled update for region-file: (1, 27) (Map: world)
[2025-07-05 05:25:35][FINE] Scheduled update for region-file: (0, 27) (Map: world)
[2025-07-05 05:25:35][FINE] Scheduled update for region-file: (1, 27) (Map: world)
[2025-07-05 05:25:45][FINE] Scheduled update for region-file: (0, 27) (Map: world)
[2025-07-05 05:25:45][FINE] Scheduled update for region-file: (1, 27) (Map: world)
[2025-07-05 05:25:45][FINE] Scheduled update for region-file: (1, 26) (Map: world)
[2025-07-05 05:25:55][FINE] Scheduled update for region-file: (0, 27) (Map: world)
[2025-07-05 05:25:55][FINE] Scheduled update for region-file: (1, 27) (Map: world)
[2025-07-05 05:25:55][FINE] Scheduled update for region-file: (1, 26) (Map: world)
[2025-07-05 05:26:05][FINE] Scheduled update for region-file: (0, 27) (Map: world)
[2025-07-05 05:26:05][FINE] Scheduled update for region-file: (1, 27) (Map: world)
[2025-07-05 05:26:05][FINE] Scheduled update for region-file: (1, 26) (Map: world)
[2025-07-05 05:26:15][FINE] Scheduled update for region-file: (0, 27) (Map: world)
[2025-07-05 05:26:15][FINE] Scheduled update for region-file: (1, 27) (Map: world)
[2025-07-05 05:26:15][FINE] Scheduled update for region-file: (1, 26) (Map: world)
[2025-07-05 05:26:26][FINE] Scheduled update for region-file: (0, 27) (Map: world)
[2025-07-05 05:26:26][FINE] Scheduled update for region-file: (1, 27) (Map: world)
[2025-07-05 05:26:26][FINE] Scheduled update for region-file: (1, 26) (Map: world)
[2025-07-05 05:26:35][FINE] Scheduled update for region-file: (1, 27) (Map: world)
[2025-07-05 05:26:35][FINE] Scheduled update for region-file: (0, 27) (Map: world)
[2025-07-05 05:26:45][FINE] Scheduled update for region-file: (1, 27) (Map: world)
[2025-07-05 05:26:45][FINE] Scheduled update for region-file: (0, 27) (Map: world)
[2025-07-05 05:26:55][FINE] Scheduled update for region-file: (1, 27) (Map: world)
[2025-07-05 05:26:55][FINE] Scheduled update for region-file: (0, 27) (Map: world)
[2025-07-05 05:27:05][FINE] Scheduled update for region-file: (1, 27) (Map: world)
[2025-07-05 05:27:05][FINE] Scheduled update for region-file: (0, 27) (Map: world)
[2025-07-05 05:27:15][FINE] Scheduled update for region-file: (1, 27) (Map: world)
[2025-07-05 05:27:15][FINE] Scheduled update for region-file: (0, 27) (Map: world)
[2025-07-05 05:27:25][FINE] Scheduled update for region-file: (1, 27) (Map: world)
[2025-07-05 05:27:25][FINE] Scheduled update for region-file: (0, 27) (Map: world)
[2025-07-05 05:27:35][FINE] Scheduled update for region-file: (1, 27) (Map: world)
[2025-07-05 05:27:35][FINE] Scheduled update for region-file: (0, 27) (Map: world)
[2025-07-05 05:27:45][FINE] Scheduled update for region-file: (1, 27) (Map: world)
[2025-07-05 05:27:45][FINE] Scheduled update for region-file: (0, 27) (Map: world)
[2025-07-05 05:27:48][FINE] Scheduled update for region-file: (1, 26) (Map: world)
[2025-07-05 05:27:48][FINE] No renderer found for entity type: minecraft:dolphin
[2025-07-05 05:27:49][FINE] No renderer found for entity type: minecraft:witch
[2025-07-05 05:27:55][FINE] Scheduled update for region-file: (0, 27) (Map: world)
[2025-07-05 05:27:55][FINE] Scheduled update for region-file: (1, 27) (Map: world)
[2025-07-05 05:27:58][FINE] Scheduled update for region-file: (1, 26) (Map: world)
[2025-07-05 05:28:05][FINE] Scheduled update for region-file: (0, 27) (Map: world)
[2025-07-05 05:28:05][FINE] Scheduled update for region-file: (1, 27) (Map: world)
[2025-07-05 05:28:08][FINE] Scheduled update for region-file: (1, 26) (Map: world)
[2025-07-05 05:28:15][FINE] Scheduled update for region-file: (0, 27) (Map: world)
[2025-07-05 05:28:15][FINE] Scheduled update for region-file: (1, 27) (Map: world)
[2025-07-05 05:28:25][FINE] Scheduled update for region-file: (1, 27) (Map: world)
[2025-07-05 05:28:25][FINE] Scheduled update for region-file: (0, 27) (Map: world)
[2025-07-05 05:28:35][FINE] Scheduled update for region-file: (1, 27) (Map: world)
[2025-07-05 05:28:35][FINE] Scheduled update for region-file: (0, 27) (Map: world)
[2025-07-05 05:28:45][FINE] Scheduled update for region-file: (1, 27) (Map: world)
[2025-07-05 05:28:45][FINE] Scheduled update for region-file: (0, 27) (Map: world)
[2025-07-05 05:28:55][FINE] Scheduled update for region-file: (1, 27) (Map: world)
[2025-07-05 05:28:55][FINE] Scheduled update for region-file: (0, 27) (Map: world)
[2025-07-05 05:29:05][FINE] Scheduled update for region-file: (0, 27) (Map: world)
[2025-07-05 05:29:05][FINE] Scheduled update for region-file: (1, 27) (Map: world)
[2025-07-05 05:29:07][FINE] Scheduled update for region-file: (1, 26) (Map: world)
[2025-07-05 05:29:15][FINE] Scheduled update for region-file: (0, 27) (Map: world)
[2025-07-05 05:29:15][FINE] Scheduled update for region-file: (1, 27) (Map: world)
[2025-07-05 05:29:17][FINE] Scheduled update for region-file: (1, 26) (Map: world)
[2025-07-05 05:29:25][FINE] Scheduled update for region-file: (0, 27) (Map: world)
[2025-07-05 05:29:25][FINE] Scheduled update for region-file: (1, 27) (Map: world)
[2025-07-05 05:29:27][FINE] Scheduled update for region-file: (1, 26) (Map: world)
[2025-07-05 05:29:35][FINE] Scheduled update for region-file: (0, 27) (Map: world)
[2025-07-05 05:29:35][FINE] Scheduled update for region-file: (1, 27) (Map: world)
[2025-07-05 05:29:36][FINE] Scheduled update for region-file: (1, 26) (Map: world)
[2025-07-05 05:29:45][FINE] Scheduled update for region-file: (0, 27) (Map: world)
[2025-07-05 05:29:45][FINE] Scheduled update for region-file: (1, 27) (Map: world)
[2025-07-05 05:29:55][FINE] Scheduled update for region-file: (0, 27) (Map: world)
[2025-07-05 05:29:55][FINE] Scheduled update for region-file: (1, 27) (Map: world)
[2025-07-05 05:30:05][FINE] Scheduled update for region-file: (1, 27) (Map: world)
[2025-07-05 05:30:05][FINE] Scheduled update for region-file: (0, 27) (Map: world)
[2025-07-05 05:30:15][FINE] Scheduled update for region-file: (1, 27) (Map: world)
[2025-07-05 05:30:15][FINE] Scheduled update for region-file: (0, 27) (Map: world)
[2025-07-05 05:30:19][FINE] Scheduled update for region-file: (1, 26) (Map: world)
[2025-07-05 05:30:25][FINE] Scheduled update for region-file: (1, 27) (Map: world)
[2025-07-05 05:30:25][FINE] Scheduled update for region-file: (0, 27) (Map: world)
[2025-07-05 05:30:29][FINE] Scheduled update for region-file: (1, 26) (Map: world)
[2025-07-05 05:30:35][FINE] Scheduled update for region-file: (1, 27) (Map: world)
[2025-07-05 05:30:35][FINE] Scheduled update for region-file: (0, 27) (Map: world)
[2025-07-05 05:30:45][FINE] Scheduled update for region-file: (1, 27) (Map: world)
[2025-07-05 05:30:45][FINE] Scheduled update for region-file: (0, 27) (Map: world)
[2025-07-05 05:30:55][FINE] Scheduled update for region-file: (1, 27) (Map: world)
[2025-07-05 05:30:55][FINE] Scheduled update for region-file: (0, 27) (Map: world)
[2025-07-05 05:31:05][FINE] Scheduled update for region-file: (1, 27) (Map: world)
[2025-07-05 05:31:05][FINE] Scheduled update for region-file: (0, 27) (Map: world)
[2025-07-05 05:31:15][FINE] Scheduled update for region-file: (1, 27) (Map: world)
[2025-07-05 05:31:15][FINE] Scheduled update for region-file: (0, 27) (Map: world)
[2025-07-05 05:31:25][FINE] Scheduled update for region-file: (0, 27) (Map: world)
[2025-07-05 05:31:25][FINE] Scheduled update for region-file: (1, 27) (Map: world)
[2025-07-05 05:31:26][FINE] Scheduled update for region-file: (1, 26) (Map: world)
[2025-07-05 05:31:35][FINE] Scheduled update for region-file: (1, 27) (Map: world)
[2025-07-05 05:31:35][FINE] Scheduled update for region-file: (0, 27) (Map: world)
[2025-07-05 05:31:36][FINE] Scheduled update for region-file: (1, 26) (Map: world)
[2025-07-05 05:31:45][FINE] Scheduled update for region-file: (1, 27) (Map: world)
[2025-07-05 05:31:45][FINE] Scheduled update for region-file: (0, 27) (Map: world)
[2025-07-05 05:31:45][FINE] Scheduled update for region-file: (1, 26) (Map: world)
[2025-07-05 05:31:55][FINE] Scheduled update for region-file: (1, 27) (Map: world)
[2025-07-05 05:31:55][FINE] Scheduled update for region-file: (0, 27) (Map: world)
[2025-07-05 05:31:56][FINE] Scheduled update for region-file: (1, 26) (Map: world)
[2025-07-05 05:32:05][FINE] Scheduled update for region-file: (1, 27) (Map: world)
[2025-07-05 05:32:05][FINE] Scheduled update for region-file: (0, 27) (Map: world)
[2025-07-05 05:32:06][FINE] Scheduled update for region-file: (1, 26) (Map: world)
[2025-07-05 05:32:15][FINE] Scheduled update for region-file: (1, 27) (Map: world)
[2025-07-05 05:32:15][FINE] Scheduled update for region-file: (0, 27) (Map: world)
[2025-07-05 05:32:25][FINE] Scheduled update for region-file: (0, 27) (Map: world)
[2025-07-05 05:32:25][FINE] Scheduled update for region-file: (1, 27) (Map: world)
[2025-07-05 05:32:35][FINE] Scheduled update for region-file: (0, 27) (Map: world)
[2025-07-05 05:32:35][FINE] Scheduled update for region-file: (1, 27) (Map: world)
[2025-07-05 05:32:36][FINE] Scheduled update for region-file: (1, 26) (Map: world)
[2025-07-05 05:32:45][FINE] Scheduled update for region-file: (0, 27) (Map: world)
[2025-07-05 05:32:45][FINE] Scheduled update for region-file: (1, 27) (Map: world)
[2025-07-05 05:32:46][FINE] Scheduled update for region-file: (1, 26) (Map: world)
[2025-07-05 05:32:55][FINE] Scheduled update for region-file: (1, 27) (Map: world)
[2025-07-05 05:32:55][FINE] Scheduled update for region-file: (0, 27) (Map: world)
[2025-07-05 05:32:56][FINE] Scheduled update for region-file: (1, 26) (Map: world)
[2025-07-05 05:33:05][FINE] Scheduled update for region-file: (1, 27) (Map: world)
[2025-07-05 05:33:05][FINE] Scheduled update for region-file: (0, 27) (Map: world)
[2025-07-05 05:33:15][FINE] Scheduled update for region-file: (0, 27) (Map: world)
[2025-07-05 05:33:15][FINE] Scheduled update for region-file: (1, 27) (Map: world)
[2025-07-05 05:33:25][FINE] Scheduled update for region-file: (1, 27) (Map: world)
[2025-07-05 05:33:25][FINE] Scheduled update for region-file: (0, 27) (Map: world)
[2025-07-05 05:33:29][FINE] Scheduled update for region-file: (1, 26) (Map: world)
[2025-07-05 05:33:35][FINE] Scheduled update for region-file: (1, 27) (Map: world)
[2025-07-05 05:33:35][FINE] Scheduled update for region-file: (0, 27) (Map: world)
[2025-07-05 05:33:39][FINE] Scheduled update for region-file: (1, 26) (Map: world)
[2025-07-05 05:33:45][FINE] Scheduled update for region-file: (0, 27) (Map: world)
[2025-07-05 05:33:45][FINE] Scheduled update for region-file: (1, 27) (Map: world)
[2025-07-05 05:33:55][FINE] Scheduled update for region-file: (0, 27) (Map: world)
[2025-07-05 05:33:55][FINE] Scheduled update for region-file: (1, 27) (Map: world)
[2025-07-05 05:34:05][FINE] Scheduled update for region-file: (0, 27) (Map: world)
[2025-07-05 05:34:05][FINE] Scheduled update for region-file: (1, 27) (Map: world)
[2025-07-05 05:34:09][FINE] Scheduled update for region-file: (1, 26) (Map: world)
[2025-07-05 05:34:15][FINE] Scheduled update for region-file: (0, 27) (Map: world)
[2025-07-05 05:34:15][FINE] Scheduled update for region-file: (1, 27) (Map: world)
[2025-07-05 05:34:25][FINE] Scheduled update for region-file: (0, 27) (Map: world)
[2025-07-05 05:34:25][FINE] Scheduled update for region-file: (1, 27) (Map: world)
[2025-07-05 05:34:35][FINE] Scheduled update for region-file: (0, 27) (Map: world)
[2025-07-05 05:34:35][FINE] Scheduled update for region-file: (1, 27) (Map: world)
[2025-07-05 05:34:45][FINE] Scheduled update for region-file: (0, 27) (Map: world)
[2025-07-05 05:34:45][FINE] Scheduled update for region-file: (1, 27) (Map: world)
[2025-07-05 05:34:55][FINE] Scheduled update for region-file: (0, 27) (Map: world)
[2025-07-05 05:34:55][FINE] Scheduled update for region-file: (1, 27) (Map: world)
[2025-07-05 05:35:07][FINE] Scheduled update for region-file: (0, 27) (Map: world)
[2025-07-05 05:35:07][FINE] Scheduled update for region-file: (1, 26) (Map: world)
[2025-07-05 05:35:07][FINE] Scheduled update for region-file: (1, 27) (Map: world)
[2025-07-05 06:05:46][FINE] Stopped watching map 'world' for updates.
[2025-07-05 06:05:46][FINE] Stopped watching map 'world_the_end' for updates.
[2025-07-05 06:05:46][FINE] Stopped watching map 'world_the_nether' for updates.
[2025-07-05 06:05:46][FINE] Started watching map 'world_the_end' for updates...
[2025-07-05 06:05:46][FINE] Started watching map 'world' for updates...
[2025-07-05 06:05:46][FINE] Started watching map 'world_the_nether' for updates...
[2025-07-05 06:50:32][FINE] Scheduled update for region-file: (4, 0) (Map: world)
[2025-07-05 06:50:32][FINE] Scheduled update for region-file: (4, -1) (Map: world)
[2025-07-05 06:50:32][FINE] Scheduled update for region-file: (3, -1) (Map: world)
[2025-07-05 06:50:32][FINE] No renderer found for entity type: minecraft:chicken
[2025-07-05 06:50:32][FINE] No renderer found for entity type: minecraft:sheep
[2025-07-05 06:50:32][FINE] No renderer found for entity type: minecraft:cow
[2025-07-05 06:50:32][FINE] No renderer found for entity type: minecraft:horse
[2025-07-05 06:50:33][FINE] No renderer found for entity type: minecraft:donkey
[2025-07-05 06:50:34][FINE] No renderer found for entity type: minecraft:pig
[2025-07-05 06:50:35][FINE] No renderer found for entity type: minecraft:bee
[2025-07-05 06:50:36][FINE] No renderer found for entity type: minecraft:cat
[2025-07-05 06:50:43][FINE] Scheduled update for region-file: (4, 0) (Map: world)
[2025-07-05 06:50:43][FINE] Scheduled update for region-file: (3, -1) (Map: world)
[2025-07-05 06:50:48][FINE] Scheduled update for region-file: (3, 0) (Map: world)
[2025-07-05 06:50:49][FINE] No renderer found for entity type: minecraft:turtle
[2025-07-05 06:50:50][FINE] No renderer found for entity type: minecraft:trader_llama
[2025-07-05 06:50:50][FINE] No renderer found for entity type: minecraft:wandering_trader
[2025-07-05 06:50:51][FINE] No renderer found for entity type: minecraft:acacia_boat
[2025-07-05 06:50:52][FINE] No renderer found for entity type: minecraft:bogged
[2025-07-05 06:50:52][FINE] No renderer found for entity type: minecraft:zombie_villager
[2025-07-05 06:50:52][FINE] No renderer found for entity type: minecraft:elder_guardian
[2025-07-05 06:50:58][FINE] Scheduled update for region-file: (3, 0) (Map: world)
[2025-07-05 06:51:01][FINE] Scheduled update for region-file: (3, -1) (Map: world)
[2025-07-05 06:51:11][FINE] Scheduled update for region-file: (4, -1) (Map: world)
[2025-07-05 06:51:11][FINE] Scheduled update for region-file: (4, 0) (Map: world)
[2025-07-05 06:51:12][FINE] Scheduled update for region-file: (3, -1) (Map: world)
[2025-07-05 06:51:18][FINE] Scheduled update for region-file: (3, 0) (Map: world)
[2025-07-05 06:51:20][FINE] Scheduled update for region-file: (4, -1) (Map: world)
[2025-07-05 06:51:27][FINE] Scheduled update for region-file: (3, -1) (Map: world)
[2025-07-05 06:51:28][FINE] Scheduled update for region-file: (3, 0) (Map: world)
[2025-07-05 06:51:38][FINE] Scheduled update for region-file: (3, 0) (Map: world)
[2025-07-05 06:51:43][FINE] Scheduled update for region-file: (3, -1) (Map: world)
[2025-07-05 06:51:48][FINE] Scheduled update for region-file: (3, 0) (Map: world)
[2025-07-05 06:51:51][FINE] Scheduled update for region-file: (3, -1) (Map: world)
[2025-07-05 06:51:58][FINE] Scheduled update for region-file: (3, 0) (Map: world)
[2025-07-05 06:52:19][FINE] Scheduled update for region-file: (3, -1) (Map: world)
[2025-07-05 06:52:22][FINE] Scheduled update for region-file: (4, 0) (Map: world)
[2025-07-05 06:52:26][FINE] Scheduled update for region-file: (3, -1) (Map: world)
[2025-07-05 06:52:47][FINE] Scheduled update for region-file: (3, -1) (Map: world)
[2025-07-05 06:52:57][FINE] Scheduled update for region-file: (3, -1) (Map: world)
[2025-07-05 06:53:27][FINE] Scheduled update for region-file: (3, -1) (Map: world)
[2025-07-05 06:53:42][FINE] Scheduled update for region-file: (3, -1) (Map: world)
[2025-07-05 06:53:52][FINE] Scheduled update for region-file: (3, -1) (Map: world)
[2025-07-05 06:54:20][FINE] Scheduled update for region-file: (3, -1) (Map: world)
[2025-07-05 06:54:36][FINE] Scheduled update for region-file: (3, -1) (Map: world)
[2025-07-05 06:54:47][FINE] Scheduled update for region-file: (3, -1) (Map: world)
[2025-07-05 06:54:57][FINE] Scheduled update for region-file: (3, -1) (Map: world)
[2025-07-05 06:55:09][FINE] Scheduled update for region-file: (3, 0) (Map: world)
[2025-07-05 06:55:13][FINE] Scheduled update for region-file: (3, -1) (Map: world)
[2025-07-05 06:55:23][FINE] Scheduled update for region-file: (3, -1) (Map: world)
[2025-07-05 06:55:24][FINE] Scheduled update for region-file: (3, 0) (Map: world)
[2025-07-05 06:55:42][FINE] Scheduled update for region-file: (3, -1) (Map: world)
[2025-07-05 06:55:44][FINE] Scheduled update for region-file: (3, 0) (Map: world)
[2025-07-05 06:55:55][FINE] Scheduled update for region-file: (3, 0) (Map: world)
[2025-07-05 06:56:05][FINE] Scheduled update for region-file: (3, 0) (Map: world)
[2025-07-05 06:56:10][FINE] Scheduled update for region-file: (3, -1) (Map: world)
[2025-07-05 06:56:15][FINE] Scheduled update for region-file: (3, 0) (Map: world)
[2025-07-05 06:56:25][FINE] Scheduled update for region-file: (3, 0) (Map: world)
[2025-07-05 06:56:35][FINE] Scheduled update for region-file: (3, 0) (Map: world)
[2025-07-05 06:56:45][FINE] Scheduled update for region-file: (3, 0) (Map: world)
[2025-07-05 06:56:55][FINE] Scheduled update for region-file: (3, 0) (Map: world)
[2025-07-05 06:57:05][FINE] Scheduled update for region-file: (3, 0) (Map: world)
[2025-07-05 06:57:15][FINE] Scheduled update for region-file: (3, 0) (Map: world)
[2025-07-05 06:57:25][FINE] Scheduled update for region-file: (3, 0) (Map: world)
[2025-07-05 06:57:35][FINE] Scheduled update for region-file: (3, 0) (Map: world)
[2025-07-05 06:57:45][FINE] Scheduled update for region-file: (3, 0) (Map: world)
[2025-07-05 06:57:55][FINE] Scheduled update for region-file: (3, 0) (Map: world)
[2025-07-05 06:58:05][FINE] Scheduled update for region-file: (3, 0) (Map: world)
[2025-07-05 06:58:15][FINE] Scheduled update for region-file: (3, 0) (Map: world)
[2025-07-05 06:58:25][FINE] Scheduled update for region-file: (3, 0) (Map: world)
[2025-07-05 06:58:35][FINE] Scheduled update for region-file: (3, 0) (Map: world)
[2025-07-05 06:58:45][FINE] Scheduled update for region-file: (3, 0) (Map: world)
[2025-07-05 06:58:55][FINE] Scheduled update for region-file: (3, 0) (Map: world)
[2025-07-05 06:59:05][FINE] Scheduled update for region-file: (3, 0) (Map: world)
[2025-07-05 06:59:39][FINE] Scheduled update for region-file: (3, 0) (Map: world)
[2025-07-05 06:59:47][FINE] Scheduled update for region-file: (3, 0) (Map: world)
[2025-07-05 06:59:57][FINE] Scheduled update for region-file: (3, 0) (Map: world)
[2025-07-05 07:00:07][FINE] Scheduled update for region-file: (3, 0) (Map: world)
[2025-07-05 07:00:17][FINE] Scheduled update for region-file: (3, 0) (Map: world)
[2025-07-05 07:00:24][FINE] Scheduled update for region-file: (3, 0) (Map: world)
[2025-07-05 07:00:35][FINE] Scheduled update for region-file: (3, 0) (Map: world)
[2025-07-05 07:00:45][FINE] Scheduled update for region-file: (3, 0) (Map: world)
[2025-07-05 07:00:54][FINE] Scheduled update for region-file: (3, 0) (Map: world)
[2025-07-05 07:01:04][FINE] Scheduled update for region-file: (3, 0) (Map: world)
[2025-07-05 07:01:14][FINE] Scheduled update for region-file: (3, 0) (Map: world)
[2025-07-05 07:01:24][FINE] Scheduled update for region-file: (3, 0) (Map: world)
[2025-07-05 07:01:35][FINE] Scheduled update for region-file: (3, 0) (Map: world)
[2025-07-05 07:01:48][FINE] Scheduled update for region-file: (3, 0) (Map: world)
[2025-07-05 07:02:05][FINE] Scheduled update for region-file: (3, 0) (Map: world)
[2025-07-05 07:02:15][FINE] Scheduled update for region-file: (3, 0) (Map: world)
[2025-07-05 07:02:25][FINE] Scheduled update for region-file: (3, 0) (Map: world)
[2025-07-05 07:02:35][FINE] Scheduled update for region-file: (3, 0) (Map: world)
[2025-07-05 07:02:45][FINE] Scheduled update for region-file: (3, 0) (Map: world)
[2025-07-05 07:02:55][FINE] Scheduled update for region-file: (3, 0) (Map: world)
[2025-07-05 07:03:05][FINE] Scheduled update for region-file: (3, 0) (Map: world)
[2025-07-05 07:03:15][FINE] Scheduled update for region-file: (3, 0) (Map: world)
[2025-07-05 07:03:25][FINE] Scheduled update for region-file: (3, 0) (Map: world)
[2025-07-05 07:03:36][FINE] Scheduled update for region-file: (3, 0) (Map: world)
[2025-07-05 07:03:46][FINE] Scheduled update for region-file: (3, 0) (Map: world)
[2025-07-05 07:04:47][FINE] Scheduled update for region-file: (3, 0) (Map: world)
[2025-07-05 07:04:57][FINE] Scheduled update for region-file: (3, 0) (Map: world)
[2025-07-05 07:05:05][FINE] Scheduled update for region-file: (3, 0) (Map: world)
[2025-07-05 07:05:24][FINE] Scheduled update for region-file: (3, 0) (Map: world)
[2025-07-05 07:05:39][FINE] Scheduled update for region-file: (3, 0) (Map: world)
[2025-07-05 07:05:44][FINE] Scheduled update for region-file: (3, 0) (Map: world)
[2025-07-05 07:05:46][FINE] Stopped watching map 'world' for updates.
[2025-07-05 07:05:46][FINE] Stopped watching map 'world_the_end' for updates.
[2025-07-05 07:05:46][FINE] Stopped watching map 'world_the_nether' for updates.
[2025-07-05 07:05:46][FINE] Started watching map 'world_the_end' for updates...
[2025-07-05 07:05:46][FINE] Started watching map 'world' for updates...
[2025-07-05 07:05:46][FINE] Started watching map 'world_the_nether' for updates...
[2025-07-05 07:05:54][FINE] Scheduled update for region-file: (3, 0) (Map: world)
[2025-07-05 07:06:05][FINE] Scheduled update for region-file: (3, 0) (Map: world)
[2025-07-05 07:06:15][FINE] Scheduled update for region-file: (3, 0) (Map: world)
[2025-07-05 07:06:25][FINE] Scheduled update for region-file: (3, 0) (Map: world)
[2025-07-05 07:06:35][FINE] Scheduled update for region-file: (3, 0) (Map: world)
[2025-07-05 07:06:45][FINE] Scheduled update for region-file: (3, 0) (Map: world)
[2025-07-05 07:06:55][FINE] Scheduled update for region-file: (3, 0) (Map: world)
[2025-07-05 07:07:08][FINE] Scheduled update for region-file: (3, 0) (Map: world)
[2025-07-05 07:07:18][FINE] Scheduled update for region-file: (3, 0) (Map: world)
[2025-07-05 07:07:28][FINE] Scheduled update for region-file: (3, 0) (Map: world)
[2025-07-05 07:07:35][FINE] Scheduled update for region-file: (3, 0) (Map: world)
[2025-07-05 07:07:45][FINE] Scheduled update for region-file: (3, 0) (Map: world)
[2025-07-05 07:07:55][FINE] Scheduled update for region-file: (3, 0) (Map: world)
[2025-07-05 07:08:05][FINE] Scheduled update for region-file: (3, 0) (Map: world)
[2025-07-05 07:08:15][FINE] Scheduled update for region-file: (3, 0) (Map: world)
[2025-07-05 07:08:25][FINE] Scheduled update for region-file: (3, 0) (Map: world)
[2025-07-05 07:08:39][FINE] Scheduled update for region-file: (3, 0) (Map: world)
[2025-07-05 07:09:05][FINE] Scheduled update for region-file: (3, 0) (Map: world)
[2025-07-05 07:09:15][FINE] Scheduled update for region-file: (3, 0) (Map: world)
[2025-07-05 07:09:25][FINE] Scheduled update for region-file: (3, 0) (Map: world)
[2025-07-05 07:09:35][FINE] Scheduled update for region-file: (3, 0) (Map: world)
[2025-07-05 07:10:05][FINE] Scheduled update for region-file: (3, 0) (Map: world)
[2025-07-05 07:10:15][FINE] Scheduled update for region-file: (3, 0) (Map: world)
[2025-07-05 07:10:25][FINE] Scheduled update for region-file: (3, 0) (Map: world)
[2025-07-05 07:10:35][FINE] Scheduled update for region-file: (3, 0) (Map: world)
[2025-07-05 07:10:49][FINE] Scheduled update for region-file: (3, 0) (Map: world)
[2025-07-05 07:10:58][FINE] Scheduled update for region-file: (3, 0) (Map: world)
[2025-07-05 07:11:05][FINE] Scheduled update for region-file: (3, 0) (Map: world)
[2025-07-05 07:11:27][FINE] Scheduled update for region-file: (3, 0) (Map: world)
[2025-07-05 07:11:36][FINE] Scheduled update for region-file: (3, 0) (Map: world)
[2025-07-05 07:11:46][FINE] Scheduled update for region-file: (3, 0) (Map: world)
[2025-07-05 07:12:24][FINE] Scheduled update for region-file: (3, 0) (Map: world)
[2025-07-05 07:12:42][FINE] Scheduled update for region-file: (3, -1) (Map: world)
[2025-07-05 07:12:55][FINE] Scheduled update for region-file: (3, 0) (Map: world)
[2025-07-05 07:13:08][FINE] Scheduled update for region-file: (3, 0) (Map: world)
[2025-07-05 07:13:10][FINE] Scheduled update for region-file: (3, -1) (Map: world)
[2025-07-05 07:13:18][FINE] Scheduled update for region-file: (3, 0) (Map: world)
[2025-07-05 07:13:27][FINE] Scheduled update for region-file: (3, -1) (Map: world)
[2025-07-05 07:13:28][FINE] Scheduled update for region-file: (3, 0) (Map: world)
[2025-07-05 07:13:35][FINE] Scheduled update for region-file: (3, 0) (Map: world)
[2025-07-05 07:13:55][FINE] Scheduled update for region-file: (3, 0) (Map: world)
[2025-07-05 07:14:07][FINE] Scheduled update for region-file: (3, 0) (Map: world)
[2025-07-05 07:14:09][FINE] Scheduled update for region-file: (3, -1) (Map: world)
[2025-07-05 07:14:19][FINE] Scheduled update for region-file: (3, -1) (Map: world)
[2025-07-05 07:14:48][FINE] Scheduled update for region-file: (3, 0) (Map: world)
[2025-07-05 07:15:07][FINE] Scheduled update for region-file: (3, -1) (Map: world)
[2025-07-05 07:15:17][FINE] Scheduled update for region-file: (3, -1) (Map: world)
[2025-07-05 07:15:23][FINE] Scheduled update for region-file: (4, 0) (Map: world)
[2025-07-05 07:15:24][FINE] Scheduled update for region-file: (3, 0) (Map: world)
[2025-07-05 07:15:27][FINE] Scheduled update for region-file: (3, -1) (Map: world)
[2025-07-05 07:15:35][FINE] Scheduled update for region-file: (3, -1) (Map: world)
[2025-07-05 07:15:54][FINE] Scheduled update for region-file: (3, 0) (Map: world)
[2025-07-05 07:16:13][FINE] Scheduled update for region-file: (3, -1) (Map: world)
[2025-07-05 07:17:47][FINE] Scheduled update for region-file: (3, 0) (Map: world)
[2025-07-05 07:17:56][FINE] Scheduled update for region-file: (3, 0) (Map: world)
[2025-07-05 07:18:08][FINE] Scheduled update for region-file: (3, 0) (Map: world)
[2025-07-05 07:18:18][FINE] Scheduled update for region-file: (3, 0) (Map: world)
[2025-07-05 07:18:25][FINE] Scheduled update for region-file: (3, 0) (Map: world)
[2025-07-05 07:18:58][FINE] Scheduled update for region-file: (3, 0) (Map: world)
[2025-07-05 07:19:27][FINE] Scheduled update for region-file: (3, 0) (Map: world)
[2025-07-05 07:19:37][FINE] Scheduled update for region-file: (3, 0) (Map: world)
[2025-07-05 07:20:05][FINE] Scheduled update for region-file: (3, 0) (Map: world)
[2025-07-05 07:20:15][FINE] Scheduled update for region-file: (3, 0) (Map: world)
[2025-07-05 07:20:25][FINE] Scheduled update for region-file: (3, 0) (Map: world)
[2025-07-05 07:20:35][FINE] Scheduled update for region-file: (3, 0) (Map: world)
[2025-07-05 07:20:46][FINE] Scheduled update for region-file: (3, 0) (Map: world)
[2025-07-05 07:20:56][FINE] Scheduled update for region-file: (3, 0) (Map: world)
[2025-07-05 07:21:04][FINE] Scheduled update for region-file: (3, 0) (Map: world)
[2025-07-05 07:21:16][FINE] Scheduled update for region-file: (3, 0) (Map: world)
[2025-07-05 07:21:26][FINE] Scheduled update for region-file: (3, 0) (Map: world)
[2025-07-05 07:21:37][FINE] Scheduled update for region-file: (3, 0) (Map: world)
[2025-07-05 07:21:47][FINE] Scheduled update for region-file: (3, 0) (Map: world)
[2025-07-05 07:21:57][FINE] Scheduled update for region-file: (3, 0) (Map: world)
[2025-07-05 07:22:04][FINE] Scheduled update for region-file: (3, 0) (Map: world)
[2025-07-05 07:22:39][FINE] Scheduled update for region-file: (3, 0) (Map: world)
[2025-07-05 07:22:49][FINE] Scheduled update for region-file: (3, 0) (Map: world)
[2025-07-05 07:22:59][FINE] Scheduled update for region-file: (3, 0) (Map: world)
[2025-07-05 07:23:30][FINE] Scheduled update for region-file: (3, 0) (Map: world)
[2025-07-05 07:23:40][FINE] Scheduled update for region-file: (3, 0) (Map: world)
[2025-07-05 07:24:35][FINE] Scheduled update for region-file: (3, 0) (Map: world)
[2025-07-05 07:24:45][FINE] Scheduled update for region-file: (3, 0) (Map: world)
[2025-07-05 07:24:56][FINE] Scheduled update for region-file: (3, 0) (Map: world)
[2025-07-05 07:25:06][FINE] Scheduled update for region-file: (3, 0) (Map: world)
[2025-07-05 07:25:11][FINE] Scheduled update for region-file: (3, -1) (Map: world)
[2025-07-05 07:25:17][FINE] Scheduled update for region-file: (3, 0) (Map: world)
[2025-07-05 07:25:24][FINE] Scheduled update for region-file: (3, 0) (Map: world)
[2025-07-05 07:25:37][FINE] Scheduled update for region-file: (3, -1) (Map: world)
[2025-07-05 07:25:39][FINE] Scheduled update for region-file: (3, 0) (Map: world)
[2025-07-05 07:25:46][FINE] Scheduled update for region-file: (3, 0) (Map: world)
[2025-07-05 07:25:50][FINE] Scheduled update for region-file: (3, -1) (Map: world)
[2025-07-05 07:25:54][FINE] Scheduled update for region-file: (3, 0) (Map: world)
[2025-07-05 07:26:03][FINE] Scheduled update for region-file: (3, -1) (Map: world)
[2025-07-05 07:26:05][FINE] Scheduled update for region-file: (3, 0) (Map: world)
[2025-07-05 07:26:26][FINE] Scheduled update for region-file: (3, 0) (Map: world)
[2025-07-05 07:26:35][FINE] Scheduled update for region-file: (3, 0) (Map: world)
[2025-07-05 07:26:41][FINE] Scheduled update for region-file: (3, -1) (Map: world)
[2025-07-05 07:26:46][FINE] Scheduled update for region-file: (3, 0) (Map: world)
[2025-07-05 07:26:58][FINE] Scheduled update for region-file: (3, 0) (Map: world)
[2025-07-05 07:27:08][FINE] Scheduled update for region-file: (3, 0) (Map: world)
[2025-07-05 07:27:17][FINE] Scheduled update for region-file: (3, 0) (Map: world)
[2025-07-05 07:27:25][FINE] Scheduled update for region-file: (3, 0) (Map: world)
[2025-07-05 07:27:37][FINE] Scheduled update for region-file: (3, -1) (Map: world)
[2025-07-05 07:27:38][FINE] Scheduled update for region-file: (3, 0) (Map: world)
[2025-07-05 07:27:50][FINE] Scheduled update for region-file: (3, -1) (Map: world)
[2025-07-05 07:28:03][FINE] Scheduled update for region-file: (3, -1) (Map: world)
[2025-07-05 07:28:08][FINE] Scheduled update for region-file: (3, 0) (Map: world)
[2025-07-05 07:28:11][FINE] Scheduled update for region-file: (3, -1) (Map: world)
[2025-07-05 07:28:25][FINE] Scheduled update for region-file: (3, 0) (Map: world)
[2025-07-05 07:28:28][FINE] Scheduled update for region-file: (3, -1) (Map: world)
[2025-07-05 07:28:41][FINE] Scheduled update for region-file: (3, -1) (Map: world)
[2025-07-05 07:28:54][FINE] Scheduled update for region-file: (3, -1) (Map: world)
[2025-07-05 07:29:05][FINE] Scheduled update for region-file: (3, 0) (Map: world)
[2025-07-05 07:29:17][FINE] Scheduled update for region-file: (0, 26) (Map: world)
[2025-07-05 07:29:17][FINE] Scheduled update for region-file: (0, 27) (Map: world)
[2025-07-05 07:29:17][FINE] Scheduled update for region-file: (3, -1) (Map: world)
[2025-07-05 07:29:20][FINE] Scheduled update for region-file: (1, 26) (Map: world)
[2025-07-05 07:29:23][FINE] Scheduled update for region-file: (1, 27) (Map: world)
[2025-07-05 07:29:23][FINE] Scheduled update for region-file: (0, 27) (Map: world)
[2025-07-05 07:29:26][FINE] No renderer found for entity type: minecraft:salmon
[2025-07-05 07:29:27][FINE] Scheduled update for region-file: (3, -1) (Map: world)
[2025-07-05 07:29:30][FINE] Scheduled update for region-file: (1, 26) (Map: world)
[2025-07-05 07:29:33][FINE] Scheduled update for region-file: (1, 27) (Map: world)
[2025-07-05 07:29:33][FINE] Scheduled update for region-file: (0, 27) (Map: world)
[2025-07-05 07:29:38][FINE] Scheduled update for region-file: (3, 0) (Map: world)
[2025-07-05 07:29:43][FINE] Scheduled update for region-file: (1, 27) (Map: world)
[2025-07-05 07:29:43][FINE] Scheduled update for region-file: (0, 27) (Map: world)
[2025-07-05 07:29:48][FINE] Scheduled update for region-file: (3, 0) (Map: world)
[2025-07-05 07:29:53][FINE] Scheduled update for region-file: (1, 27) (Map: world)
[2025-07-05 07:29:53][FINE] Scheduled update for region-file: (0, 27) (Map: world)
[2025-07-05 07:29:58][FINE] Scheduled update for region-file: (3, 0) (Map: world)
[2025-07-05 07:30:03][FINE] Scheduled update for region-file: (1, 27) (Map: world)
[2025-07-05 07:30:03][FINE] Scheduled update for region-file: (0, 27) (Map: world)
[2025-07-05 07:30:13][FINE] Scheduled update for region-file: (1, 27) (Map: world)
[2025-07-05 07:30:13][FINE] Scheduled update for region-file: (0, 27) (Map: world)
[2025-07-05 07:30:14][FINE] Scheduled update for region-file: (3, -1) (Map: world)
[2025-07-05 07:30:15][FINE] Scheduled update for region-file: (3, 0) (Map: world)
[2025-07-05 07:30:24][FINE] Scheduled update for region-file: (1, 27) (Map: world)
[2025-07-05 07:30:24][FINE] Scheduled update for region-file: (0, 27) (Map: world)
[2025-07-05 07:30:28][FINE] Scheduled update for region-file: (3, -1) (Map: world)
[2025-07-05 07:30:34][FINE] Scheduled update for region-file: (0, 27) (Map: world)
[2025-07-05 07:30:35][FINE] Scheduled update for region-file: (1, 27) (Map: world)
[2025-07-05 07:30:42][FINE] Scheduled update for region-file: (3, -1) (Map: world)
[2025-07-05 07:30:44][FINE] Scheduled update for region-file: (0, 27) (Map: world)
[2025-07-05 07:30:45][FINE] Scheduled update for region-file: (1, 27) (Map: world)
[2025-07-05 07:30:48][FINE] Scheduled update for region-file: (3, 0) (Map: world)
[2025-07-05 07:30:54][FINE] Scheduled update for region-file: (3, -1) (Map: world)
[2025-07-05 07:30:54][FINE] Scheduled update for region-file: (0, 27) (Map: world)
[2025-07-05 07:30:54][FINE] Scheduled update for region-file: (3, 0) (Map: world)
[2025-07-05 07:30:54][FINE] Scheduled update for region-file: (1, 27) (Map: world)
[2025-07-05 07:31:05][FINE] Scheduled update for region-file: (0, 27) (Map: world)
[2025-07-05 07:31:05][FINE] Scheduled update for region-file: (1, 27) (Map: world)
[2025-07-05 07:31:05][FINE] Scheduled update for region-file: (3, 0) (Map: world)
[2025-07-05 07:31:08][FINE] Scheduled update for region-file: (1, 26) (Map: world)
[2025-07-05 07:31:10][FINE] Scheduled update for region-file: (3, -1) (Map: world)
[2025-07-05 07:31:15][FINE] Scheduled update for region-file: (0, 27) (Map: world)
[2025-07-05 07:31:15][FINE] Scheduled update for region-file: (1, 27) (Map: world)
[2025-07-05 07:31:18][FINE] Scheduled update for region-file: (1, 26) (Map: world)
[2025-07-05 07:31:23][FINE] Scheduled update for region-file: (3, -1) (Map: world)
[2025-07-05 07:31:25][FINE] Scheduled update for region-file: (0, 27) (Map: world)
[2025-07-05 07:31:25][FINE] Scheduled update for region-file: (1, 27) (Map: world)
[2025-07-05 07:31:27][FINE] Scheduled update for region-file: (3, 0) (Map: world)
[2025-07-05 07:31:30][FINE] Scheduled update for region-file: (3, -1) (Map: world)
[2025-07-05 07:31:35][FINE] Scheduled update for region-file: (1, 26) (Map: world)
[2025-07-05 07:31:35][FINE] Scheduled update for region-file: (0, 27) (Map: world)
[2025-07-05 07:31:35][FINE] Scheduled update for region-file: (1, 27) (Map: world)
[2025-07-05 07:31:37][FINE] Scheduled update for region-file: (3, 0) (Map: world)
[2025-07-05 07:31:45][FINE] Scheduled update for region-file: (0, 27) (Map: world)
[2025-07-05 07:31:45][FINE] Scheduled update for region-file: (3, 0) (Map: world)
[2025-07-05 07:31:45][FINE] Scheduled update for region-file: (1, 27) (Map: world)
[2025-07-05 07:31:55][FINE] Scheduled update for region-file: (0, 27) (Map: world)
[2025-07-05 07:31:55][FINE] Scheduled update for region-file: (3, 0) (Map: world)
[2025-07-05 07:31:55][FINE] Scheduled update for region-file: (1, 27) (Map: world)
[2025-07-05 07:31:57][FINE] Scheduled update for region-file: (3, -1) (Map: world)
[2025-07-05 07:32:05][FINE] Scheduled update for region-file: (0, 27) (Map: world)
[2025-07-05 07:32:05][FINE] Scheduled update for region-file: (1, 27) (Map: world)
[2025-07-05 07:32:10][FINE] Scheduled update for region-file: (3, -1) (Map: world)
[2025-07-05 07:32:15][FINE] Scheduled update for region-file: (0, 27) (Map: world)
[2025-07-05 07:32:15][FINE] Scheduled update for region-file: (1, 27) (Map: world)
[2025-07-05 07:32:15][FINE] Scheduled update for region-file: (3, 0) (Map: world)
[2025-07-05 07:32:25][FINE] Scheduled update for region-file: (0, 27) (Map: world)
[2025-07-05 07:32:25][FINE] Scheduled update for region-file: (1, 27) (Map: world)
[2025-07-05 07:32:27][FINE] Scheduled update for region-file: (3, 0) (Map: world)
[2025-07-05 07:32:35][FINE] Scheduled update for region-file: (0, 27) (Map: world)
[2025-07-05 07:32:35][FINE] Scheduled update for region-file: (1, 27) (Map: world)
[2025-07-05 07:32:36][FINE] Scheduled update for region-file: (3, 0) (Map: world)
[2025-07-05 07:32:42][FINE] Scheduled update for region-file: (3, -1) (Map: world)
[2025-07-05 07:32:45][FINE] Scheduled update for region-file: (0, 27) (Map: world)
[2025-07-05 07:32:45][FINE] Scheduled update for region-file: (1, 27) (Map: world)
[2025-07-05 07:32:46][FINE] Scheduled update for region-file: (3, 0) (Map: world)
[2025-07-05 07:32:55][FINE] Scheduled update for region-file: (0, 27) (Map: world)
[2025-07-05 07:32:55][FINE] Scheduled update for region-file: (1, 27) (Map: world)
[2025-07-05 07:32:56][FINE] Scheduled update for region-file: (3, 0) (Map: world)
[2025-07-05 07:33:05][FINE] Scheduled update for region-file: (0, 27) (Map: world)
[2025-07-05 07:33:05][FINE] Scheduled update for region-file: (1, 27) (Map: world)
[2025-07-05 07:33:10][FINE] Scheduled update for region-file: (3, -1) (Map: world)
[2025-07-05 07:33:15][FINE] Scheduled update for region-file: (0, 27) (Map: world)
[2025-07-05 07:33:15][FINE] Scheduled update for region-file: (1, 27) (Map: world)
[2025-07-05 07:33:22][FINE] Scheduled update for region-file: (3, -1) (Map: world)
[2025-07-05 07:33:25][FINE] Scheduled update for region-file: (0, 27) (Map: world)
[2025-07-05 07:33:25][FINE] Scheduled update for region-file: (3, 0) (Map: world)
[2025-07-05 07:33:25][FINE] Scheduled update for region-file: (1, 27) (Map: world)
[2025-07-05 07:33:32][FINE] Scheduled update for region-file: (3, -1) (Map: world)
[2025-07-05 07:33:35][FINE] Scheduled update for region-file: (0, 27) (Map: world)
[2025-07-05 07:33:35][FINE] Scheduled update for region-file: (3, 0) (Map: world)
[2025-07-05 07:33:35][FINE] Scheduled update for region-file: (1, 27) (Map: world)
[2025-07-05 07:33:45][FINE] Scheduled update for region-file: (0, 27) (Map: world)
[2025-07-05 07:33:45][FINE] Scheduled update for region-file: (3, 0) (Map: world)
[2025-07-05 07:33:45][FINE] Scheduled update for region-file: (1, 27) (Map: world)
[2025-07-05 07:33:50][FINE] Scheduled update for region-file: (3, -1) (Map: world)
[2025-07-05 07:33:55][FINE] Scheduled update for region-file: (0, 27) (Map: world)
[2025-07-05 07:33:55][FINE] Scheduled update for region-file: (3, 0) (Map: world)
[2025-07-05 07:33:55][FINE] Scheduled update for region-file: (1, 27) (Map: world)
[2025-07-05 07:33:56][FINE] Scheduled update for region-file: (3, -1) (Map: world)
[2025-07-05 07:34:05][FINE] Scheduled update for region-file: (0, 27) (Map: world)
[2025-07-05 07:34:05][FINE] Scheduled update for region-file: (1, 27) (Map: world)
[2025-07-05 07:34:06][FINE] Scheduled update for region-file: (3, -1) (Map: world)
[2025-07-05 07:34:15][FINE] Scheduled update for region-file: (0, 27) (Map: world)
[2025-07-05 07:34:15][FINE] Scheduled update for region-file: (1, 27) (Map: world)
[2025-07-05 07:34:16][FINE] Scheduled update for region-file: (3, -1) (Map: world)
[2025-07-05 07:34:19][FINE] Scheduled update for region-file: (3, 0) (Map: world)
[2025-07-05 07:34:25][FINE] Scheduled update for region-file: (0, 27) (Map: world)
[2025-07-05 07:34:25][FINE] Scheduled update for region-file: (1, 27) (Map: world)
[2025-07-05 07:34:35][FINE] Scheduled update for region-file: (0, 27) (Map: world)
[2025-07-05 07:34:35][FINE] Scheduled update for region-file: (1, 27) (Map: world)
[2025-07-05 07:34:38][FINE] Scheduled update for region-file: (3, 0) (Map: world)
[2025-07-05 07:34:42][FINE] Scheduled update for region-file: (3, -1) (Map: world)
[2025-07-05 07:34:45][FINE] Scheduled update for region-file: (0, 27) (Map: world)
[2025-07-05 07:34:45][FINE] Scheduled update for region-file: (1, 27) (Map: world)
[2025-07-05 07:34:45][FINE] Scheduled update for region-file: (3, 0) (Map: world)
[2025-07-05 07:34:56][FINE] Scheduled update for region-file: (0, 27) (Map: world)
[2025-07-05 07:34:56][FINE] Scheduled update for region-file: (1, 26) (Map: world)
[2025-07-05 07:34:56][FINE] Scheduled update for region-file: (1, 27) (Map: world)
[2025-07-05 07:35:05][FINE] Scheduled update for region-file: (3, 0) (Map: world)
[2025-07-05 07:35:22][FINE] Scheduled update for region-file: (3, -1) (Map: world)
[2025-07-05 07:35:29][FINE] Scheduled update for region-file: (3, 0) (Map: world)
[2025-07-05 07:35:32][FINE] Scheduled update for region-file: (3, -1) (Map: world)
[2025-07-05 07:35:39][FINE] Scheduled update for region-file: (3, 0) (Map: world)
[2025-07-05 07:35:50][FINE] Scheduled update for region-file: (3, -1) (Map: world)
[2025-07-05 07:36:00][FINE] Scheduled update for region-file: (3, -1) (Map: world)
[2025-07-05 07:36:16][FINE] Scheduled update for region-file: (3, 0) (Map: world)
[2025-07-05 07:36:16][FINE] Scheduled update for region-file: (3, -1) (Map: world)
[2025-07-05 07:36:26][FINE] Scheduled update for region-file: (3, 0) (Map: world)
[2025-07-05 07:36:39][FINE] Scheduled update for region-file: (3, -1) (Map: world)
[2025-07-05 07:37:48][FINE] Scheduled update for region-file: (3, 0) (Map: world)
[2025-07-05 07:37:58][FINE] Scheduled update for region-file: (3, 0) (Map: world)
[2025-07-05 07:38:08][FINE] Scheduled update for region-file: (3, 0) (Map: world)
[2025-07-05 07:38:18][FINE] Scheduled update for region-file: (3, 0) (Map: world)
[2025-07-05 07:38:28][FINE] Scheduled update for region-file: (3, 0) (Map: world)
[2025-07-05 07:38:38][FINE] Scheduled update for region-file: (3, 0) (Map: world)
[2025-07-05 07:38:59][FINE] Scheduled update for region-file: (3, 0) (Map: world)
[2025-07-05 07:39:09][FINE] Scheduled update for region-file: (3, 0) (Map: world)
[2025-07-05 07:39:39][FINE] Scheduled update for region-file: (3, 0) (Map: world)
[2025-07-05 07:39:42][FINE] Scheduled update for region-file: (4, 0) (Map: world)
[2025-07-05 07:39:49][FINE] Scheduled update for region-file: (3, 0) (Map: world)
[2025-07-05 07:39:59][FINE] Scheduled update for region-file: (3, 0) (Map: world)
[2025-07-05 07:40:09][FINE] Scheduled update for region-file: (3, 0) (Map: world)
[2025-07-05 07:40:27][FINE] Scheduled update for region-file: (3, 0) (Map: world)
[2025-07-05 07:40:37][FINE] Scheduled update for region-file: (3, 0) (Map: world)
[2025-07-05 07:40:47][FINE] Scheduled update for region-file: (3, 0) (Map: world)
[2025-07-05 07:40:54][FINE] Scheduled update for region-file: (3, 0) (Map: world)
[2025-07-05 07:41:08][FINE] Scheduled update for region-file: (3, 0) (Map: world)
[2025-07-05 07:41:08][FINE] Scheduled update for region-file: (4, 0) (Map: world)
[2025-07-05 07:41:15][FINE] Scheduled update for region-file: (3, 0) (Map: world)
[2025-07-05 07:41:25][FINE] Scheduled update for region-file: (3, 0) (Map: world)
[2025-07-05 07:41:36][FINE] Scheduled update for region-file: (3, 0) (Map: world)
[2025-07-05 07:41:45][FINE] Scheduled update for region-file: (3, 0) (Map: world)
[2025-07-05 07:41:55][FINE] Scheduled update for region-file: (3, 0) (Map: world)
[2025-07-05 07:42:05][FINE] Scheduled update for region-file: (3, 0) (Map: world)
[2025-07-05 07:42:15][FINE] Scheduled update for region-file: (3, 0) (Map: world)
[2025-07-05 07:42:25][FINE] Scheduled update for region-file: (3, 0) (Map: world)
[2025-07-05 07:42:45][FINE] Scheduled update for region-file: (3, 0) (Map: world)
[2025-07-05 07:42:53][FINE] Scheduled update for region-file: (4, -1) (Map: world)
[2025-07-05 07:42:55][FINE] Scheduled update for region-file: (3, 0) (Map: world)
[2025-07-05 07:43:05][FINE] Scheduled update for region-file: (3, 0) (Map: world)
[2025-07-05 07:43:15][FINE] Scheduled update for region-file: (3, 0) (Map: world)
[2025-07-05 07:43:18][FINE] Scheduled update for region-file: (4, 0) (Map: world)
[2025-07-05 07:43:25][FINE] Scheduled update for region-file: (3, 0) (Map: world)
[2025-07-05 07:43:35][FINE] Scheduled update for region-file: (3, 0) (Map: world)
[2025-07-05 07:43:45][FINE] Scheduled update for region-file: (3, 0) (Map: world)
[2025-07-05 07:43:46][FINE] Scheduled update for region-file: (4, -1) (Map: world)
[2025-07-05 07:43:56][FINE] Scheduled update for region-file: (3, 0) (Map: world)
[2025-07-05 07:44:08][FINE] Scheduled update for region-file: (3, 0) (Map: world)
[2025-07-05 07:44:18][FINE] Scheduled update for region-file: (3, 0) (Map: world)
[2025-07-05 07:44:28][FINE] Scheduled update for region-file: (3, 0) (Map: world)
[2025-07-05 07:44:38][FINE] Scheduled update for region-file: (3, 0) (Map: world)
[2025-07-05 07:44:48][FINE] Scheduled update for region-file: (3, 0) (Map: world)
[2025-07-05 07:44:58][FINE] Scheduled update for region-file: (3, 0) (Map: world)
[2025-07-05 07:45:00][FINE] Scheduled update for region-file: (4, 0) (Map: world)
[2025-07-05 07:45:05][FINE] Scheduled update for region-file: (3, 0) (Map: world)
[2025-07-05 07:45:11][FINE] Scheduled update for region-file: (3, -1) (Map: world)
[2025-07-05 07:45:11][FINE] Scheduled update for region-file: (4, 0) (Map: world)
[2025-07-05 07:45:14][FINE] Scheduled update for region-file: (4, -1) (Map: world)
[2025-07-05 07:45:15][FINE] Scheduled update for region-file: (3, 0) (Map: world)
[2025-07-05 07:45:24][FINE] Scheduled update for region-file: (3, 0) (Map: world)
[2025-07-05 07:45:39][FINE] Scheduled update for region-file: (3, -1) (Map: world)
[2025-07-05 07:45:54][FINE] Scheduled update for region-file: (4, 0) (Map: world)
[2025-07-05 07:46:04][FINE] Scheduled update for region-file: (4, 0) (Map: world)
[2025-07-05 07:46:09][FINE] Scheduled update for region-file: (3, -1) (Map: world)
[2025-07-05 07:46:14][FINE] Scheduled update for region-file: (3, -1) (Map: world)
[2025-07-05 07:46:41][FINE] Scheduled update for region-file: (4, 1) (Map: world)
[2025-07-05 07:47:02][FINE] Scheduled update for region-file: (4, 1) (Map: world)
[2025-07-05 07:47:14][FINE] Scheduled update for region-file: (3, 1) (Map: world)
[2025-07-05 07:47:14][FINE] Scheduled update for region-file: (3, 0) (Map: world)
[2025-07-05 07:47:18][FINE] No renderer found for entity type: minecraft:parrot
[2025-07-05 07:47:21][FINE] Scheduled update for region-file: (37, 3) (Map: world)
[2025-07-05 07:47:29][FINE] Scheduled update for region-file: (37, 4) (Map: world)
[2025-07-05 07:47:35][FINE] Scheduled update for region-file: (35, 5) (Map: world)
[2025-07-05 07:47:36][FINE] Scheduled update for region-file: (36, 5) (Map: world)
[2025-07-05 07:47:36][FINE] Scheduled update for region-file: (37, 3) (Map: world)
[2025-07-05 07:47:39][FINE] Scheduled update for region-file: (37, 4) (Map: world)
[2025-07-05 07:47:46][FINE] Scheduled update for region-file: (37, 3) (Map: world)
[2025-07-05 07:47:47][FINE] Scheduled update for region-file: (37, 4) (Map: world)
[2025-07-05 07:47:51][FINE] Scheduled update for region-file: (35, 5) (Map: world)
[2025-07-05 07:47:51][FINE] Scheduled update for region-file: (36, 5) (Map: world)
[2025-07-05 07:47:57][FINE] Scheduled update for region-file: (37, 4) (Map: world)
[2025-07-05 07:47:57][FINE] Scheduled update for region-file: (35, 4) (Map: world)
[2025-07-05 07:48:03][FINE] Scheduled update for region-file: (35, 4) (Map: world)
[2025-07-05 07:48:06][FINE] Scheduled update for region-file: (37, 4) (Map: world)
[2025-07-05 07:48:11][FINE] Scheduled update for region-file: (35, 4) (Map: world)
[2025-07-05 07:48:13][FINE] Scheduled update for region-file: (37, 3) (Map: world)
[2025-07-05 07:48:13][FINE] No renderer found for entity type: minecraft:falling_block
[2025-07-05 07:48:20][FINE] Scheduled update for region-file: (35, 4) (Map: world)
[2025-07-05 07:48:20][FINE] Scheduled update for region-file: (35, 3) (Map: world)
[2025-07-05 07:48:50][FINE] Scheduled update for region-file: (35, 3) (Map: world)
[2025-07-05 07:48:50][FINE] Scheduled update for region-file: (35, 4) (Map: world)
[2025-07-05 07:49:00][FINE] Scheduled update for region-file: (37, 3) (Map: world)
[2025-07-05 07:49:44][FINE] Scheduled update for region-file: (36, 4) (Map: world)
[2025-07-05 07:49:49][FINE] No renderer found for entity type: minecraft:polar_bear
[2025-07-05 07:50:02][FINE] Scheduled update for region-file: (36, 4) (Map: world)
[2025-07-05 07:50:15][FINE] Scheduled update for region-file: (35, 4) (Map: world)
[2025-07-05 07:50:15][FINE] Scheduled update for region-file: (34, 4) (Map: world)
[2025-07-05 07:50:24][FINE] Scheduled update for region-file: (36, 3) (Map: world)
[2025-07-05 07:50:28][FINE] Scheduled update for region-file: (35, 4) (Map: world)
[2025-07-05 07:50:33][FINE] Scheduled update for region-file: (34, 4) (Map: world)
[2025-07-05 07:50:42][FINE] Scheduled update for region-file: (36, 2) (Map: world)
[2025-07-05 07:50:43][FINE] Scheduled update for region-file: (34, 2) (Map: world)
[2025-07-05 07:50:43][FINE] Scheduled update for region-file: (34, 3) (Map: world)
[2025-07-05 07:50:52][FINE] Scheduled update for region-file: (34, 3) (Map: world)
[2025-07-05 07:51:01][FINE] Scheduled update for region-file: (36, 2) (Map: world)
[2025-07-05 07:51:01][FINE] Scheduled update for region-file: (34, 3) (Map: world)
[2025-07-05 07:51:08][FINE] Scheduled update for region-file: (36, 2) (Map: world)
[2025-07-05 07:51:08][FINE] Scheduled update for region-file: (34, 3) (Map: world)
[2025-07-05 07:51:09][FINE] Scheduled update for region-file: (35, 2) (Map: world)
[2025-07-05 07:51:09][FINE] Scheduled update for region-file: (34, 2) (Map: world)
[2025-07-05 07:51:10][FINE] No renderer found for entity type: minecraft:fox
[2025-07-05 07:51:19][FINE] Scheduled update for region-file: (35, 2) (Map: world)
[2025-07-05 07:51:25][FINE] Scheduled update for region-file: (34, 2) (Map: world)
[2025-07-05 07:51:26][FINE] Scheduled update for region-file: (35, 2) (Map: world)
[2025-07-05 07:51:30][FINE] Scheduled update for region-file: (36, 2) (Map: world)
[2025-07-05 07:51:30][FINE] Scheduled update for region-file: (34, 3) (Map: world)
[2025-07-05 07:51:31][FINE] Scheduled update for region-file: (34, 2) (Map: world)
[2025-07-05 07:51:47][FINE] Scheduled update for region-file: (35, 2) (Map: world)
[2025-07-05 07:52:01][FINE] Scheduled update for region-file: (36, 2) (Map: world)
[2025-07-05 07:52:11][FINE] Scheduled update for region-file: (36, 2) (Map: world)
[2025-07-05 07:52:35][FINE] Scheduled update for region-file: (35, 2) (Map: world)
[2025-07-05 07:52:46][FINE] Scheduled update for region-file: (35, 3) (Map: world)
[2025-07-05 07:52:50][FINE] Scheduled update for region-file: (33, 3) (Map: world)
[2025-07-05 07:52:50][FINE] Scheduled update for region-file: (33, 2) (Map: world)
[2025-07-05 07:52:54][FINE] Scheduled update for region-file: (35, 3) (Map: world)
[2025-07-05 07:53:03][FINE] Scheduled update for region-file: (33, 2) (Map: world)
[2025-07-05 07:53:17][FINE] Scheduled update for region-file: (36, 2) (Map: world)
[2025-07-05 07:53:29][FINE] Scheduled update for region-file: (36, 2) (Map: world)
[2025-07-05 07:53:35][FINE] Scheduled update for region-file: (36, 2) (Map: world)
[2025-07-05 07:53:37][FINE] Scheduled update for region-file: (34, 3) (Map: world)
[2025-07-05 07:53:55][FINE] Scheduled update for region-file: (34, 2) (Map: world)
[2025-07-05 07:53:59][FINE] Scheduled update for region-file: (36, 2) (Map: world)
[2025-07-05 07:54:12][FINE] Scheduled update for region-file: (34, 2) (Map: world)
[2025-07-05 07:54:12][FINE] Scheduled update for region-file: (36, 3) (Map: world)
[2025-07-05 07:54:12][FINE] Scheduled update for region-file: (36, 2) (Map: world)
[2025-07-05 07:54:30][FINE] Scheduled update for region-file: (36, 3) (Map: world)
[2025-07-05 07:54:31][FINE] Scheduled update for region-file: (36, 2) (Map: world)
[2025-07-05 07:54:40][FINE] Scheduled update for region-file: (36, 3) (Map: world)
[2025-07-05 07:54:40][FINE] Scheduled update for region-file: (36, 2) (Map: world)
[2025-07-05 07:54:49][FINE] Scheduled update for region-file: (34, 2) (Map: world)
[2025-07-05 07:54:49][FINE] Scheduled update for region-file: (36, 2) (Map: world)
[2025-07-05 07:54:57][FINE] Scheduled update for region-file: (36, 2) (Map: world)
[2025-07-05 07:55:30][FINE] Scheduled update for region-file: (35, 2) (Map: world)
[2025-07-05 07:56:15][FINE] Scheduled update for region-file: (36, 2) (Map: world)
[2025-07-05 07:56:34][FINE] Scheduled update for region-file: (36, 2) (Map: world)
[2025-07-05 07:57:02][FINE] Scheduled update for region-file: (35, 2) (Map: world)
[2025-07-05 07:57:13][FINE] Scheduled update for region-file: (35, 2) (Map: world)
[2025-07-05 07:57:23][FINE] Scheduled update for region-file: (35, 2) (Map: world)
[2025-07-05 07:57:30][FINE] Scheduled update for region-file: (35, 2) (Map: world)
[2025-07-05 07:57:38][FINE] Scheduled update for region-file: (35, 3) (Map: world)
[2025-07-05 07:57:42][FINE] Scheduled update for region-file: (35, 2) (Map: world)
[2025-07-05 07:57:49][FINE] Scheduled update for region-file: (35, 3) (Map: world)
[2025-07-05 07:57:50][FINE] Scheduled update for region-file: (35, 2) (Map: world)
[2025-07-05 07:58:00][FINE] Scheduled update for region-file: (35, 2) (Map: world)
[2025-07-05 07:58:11][FINE] Scheduled update for region-file: (35, 2) (Map: world)
[2025-07-05 07:58:15][FINE] Scheduled update for region-file: (35, 3) (Map: world)
[2025-07-05 07:58:22][FINE] Scheduled update for region-file: (35, 2) (Map: world)
[2025-07-05 07:58:32][FINE] Scheduled update for region-file: (35, 2) (Map: world)
[2025-07-05 07:58:43][FINE] Scheduled update for region-file: (35, 2) (Map: world)
[2025-07-05 07:58:50][FINE] Scheduled update for region-file: (35, 3) (Map: world)
[2025-07-05 07:58:51][FINE] Scheduled update for region-file: (35, 2) (Map: world)
[2025-07-05 07:59:01][FINE] Scheduled update for region-file: (35, 3) (Map: world)
[2025-07-05 07:59:02][FINE] Scheduled update for region-file: (35, 2) (Map: world)
[2025-07-05 07:59:30][FINE] Scheduled update for region-file: (35, 1) (Map: world)
[2025-07-05 07:59:31][FINE] Scheduled update for region-file: (36, 1) (Map: world)
[2025-07-05 07:59:33][FINE] Scheduled update for region-file: (34, 1) (Map: world)
[2025-07-05 07:59:35][FINE] Scheduled update for region-file: (34, 3) (Map: world)
[2025-07-05 07:59:45][FINE] Scheduled update for region-file: (34, 3) (Map: world)
[2025-07-05 07:59:55][FINE] Scheduled update for region-file: (34, 3) (Map: world)
